{"/Users/domy/Desktop/Laboratoria/Proyectos/burger-queen/burger-queen-API/Burger-queen-api/config.js": {"path":"/Users/domy/Desktop/Laboratoria/Proyectos/burger-queen/burger-queen-API/Burger-queen-api/config.js","statementMap":{"0":{"start":{"line":1,"column":0},"end":{"line":1,"column":26}},"1":{"start":{"line":3,"column":0},"end":{"line":3,"column":59}},"2":{"start":{"line":4,"column":0},"end":{"line":4,"column":40}},"3":{"start":{"line":5,"column":0},"end":{"line":5,"column":46}},"4":{"start":{"line":6,"column":0},"end":{"line":6,"column":51}},"5":{"start":{"line":7,"column":0},"end":{"line":7,"column":57}}},"fnMap":{},"branchMap":{"0":{"loc":{"start":{"line":3,"column":15},"end":{"line":3,"column":58}},"type":"binary-expr","locations":[{"start":{"line":3,"column":15},"end":{"line":3,"column":30}},{"start":{"line":3,"column":34},"end":{"line":3,"column":50}},{"start":{"line":3,"column":54},"end":{"line":3,"column":58}}],"line":3},"1":{"loc":{"start":{"line":4,"column":16},"end":{"line":4,"column":40}},"type":"binary-expr","locations":[{"start":{"line":4,"column":16},"end":{"line":4,"column":34}},{"start":{"line":4,"column":38},"end":{"line":4,"column":40}}],"line":4},"2":{"loc":{"start":{"line":5,"column":17},"end":{"line":5,"column":45}},"type":"binary-expr","locations":[{"start":{"line":5,"column":17},"end":{"line":5,"column":39}},{"start":{"line":5,"column":43},"end":{"line":5,"column":45}}],"line":5},"3":{"loc":{"start":{"line":6,"column":21},"end":{"line":6,"column":50}},"type":"binary-expr","locations":[{"start":{"line":6,"column":21},"end":{"line":6,"column":44}},{"start":{"line":6,"column":48},"end":{"line":6,"column":50}}],"line":6},"4":{"loc":{"start":{"line":7,"column":24},"end":{"line":7,"column":56}},"type":"binary-expr","locations":[{"start":{"line":7,"column":24},"end":{"line":7,"column":50}},{"start":{"line":7,"column":54},"end":{"line":7,"column":56}}],"line":7}},"s":{"0":1,"1":1,"2":1,"3":1,"4":1,"5":1},"f":{},"b":{"0":[1,0,0],"1":[1,0],"2":[1,0],"3":[1,1],"4":[1,1]},"_coverageSchema":"1a1c01bbd47fc00a2c39e90264f33305004495a9","hash":"24d49f5d65e1ca4522f6b7845473f6e3e32170d4"}
,"/Users/domy/Desktop/Laboratoria/Proyectos/burger-queen/burger-queen-API/Burger-queen-api/controller/users.js": {"path":"/Users/domy/Desktop/Laboratoria/Proyectos/burger-queen/burger-queen-API/Burger-queen-api/controller/users.js","statementMap":{"0":{"start":{"line":1,"column":15},"end":{"line":1,"column":34}},"1":{"start":{"line":2,"column":17},"end":{"line":2,"column":30}},"2":{"start":{"line":3,"column":15},"end":{"line":3,"column":35}},"3":{"start":{"line":4,"column":13},"end":{"line":4,"column":57}},"4":{"start":{"line":7,"column":26},"end":{"line":24,"column":1}},"5":{"start":{"line":8,"column":4},"end":{"line":23,"column":5}},"6":{"start":{"line":9,"column":23},"end":{"line":9,"column":43}},"7":{"start":{"line":10,"column":22},"end":{"line":16,"column":39}},"8":{"start":{"line":17,"column":20},"end":{"line":17,"column":45}},"9":{"start":{"line":18,"column":8},"end":{"line":18,"column":26}},"10":{"start":{"line":19,"column":8},"end":{"line":19,"column":52}},"11":{"start":{"line":21,"column":8},"end":{"line":21,"column":26}},"12":{"start":{"line":22,"column":8},"end":{"line":22,"column":36}},"13":{"start":{"line":27,"column":16},"end":{"line":44,"column":1}},"14":{"start":{"line":28,"column":4},"end":{"line":43,"column":5}},"15":{"start":{"line":29,"column":23},"end":{"line":29,"column":43}},"16":{"start":{"line":30,"column":21},"end":{"line":30,"column":43}},"17":{"start":{"line":31,"column":21},"end":{"line":31,"column":57}},"18":{"start":{"line":32,"column":22},"end":{"line":36,"column":78}},"19":{"start":{"line":37,"column":20},"end":{"line":37,"column":45}},"20":{"start":{"line":38,"column":8},"end":{"line":38,"column":26}},"21":{"start":{"line":39,"column":8},"end":{"line":39,"column":35}},"22":{"start":{"line":41,"column":8},"end":{"line":41,"column":26}},"23":{"start":{"line":42,"column":8},"end":{"line":42,"column":36}},"24":{"start":{"line":47,"column":21},"end":{"line":62,"column":1}},"25":{"start":{"line":48,"column":4},"end":{"line":61,"column":5}},"26":{"start":{"line":49,"column":23},"end":{"line":49,"column":43}},"27":{"start":{"line":50,"column":22},"end":{"line":54,"column":20}},"28":{"start":{"line":55,"column":20},"end":{"line":55,"column":45}},"29":{"start":{"line":56,"column":8},"end":{"line":56,"column":26}},"30":{"start":{"line":57,"column":8},"end":{"line":57,"column":40}},"31":{"start":{"line":59,"column":8},"end":{"line":59,"column":26}},"32":{"start":{"line":60,"column":8},"end":{"line":60,"column":36}},"33":{"start":{"line":65,"column":31},"end":{"line":82,"column":1}},"34":{"start":{"line":66,"column":4},"end":{"line":81,"column":5}},"35":{"start":{"line":67,"column":23},"end":{"line":67,"column":43}},"36":{"start":{"line":68,"column":22},"end":{"line":74,"column":33}},"37":{"start":{"line":75,"column":20},"end":{"line":75,"column":45}},"38":{"start":{"line":76,"column":8},"end":{"line":76,"column":26}},"39":{"start":{"line":77,"column":8},"end":{"line":77,"column":40}},"40":{"start":{"line":79,"column":8},"end":{"line":79,"column":26}},"41":{"start":{"line":80,"column":8},"end":{"line":80,"column":36}},"42":{"start":{"line":85,"column":28},"end":{"line":102,"column":1}},"43":{"start":{"line":86,"column":4},"end":{"line":101,"column":5}},"44":{"start":{"line":87,"column":23},"end":{"line":87,"column":43}},"45":{"start":{"line":88,"column":22},"end":{"line":94,"column":29}},"46":{"start":{"line":95,"column":20},"end":{"line":95,"column":45}},"47":{"start":{"line":96,"column":8},"end":{"line":96,"column":26}},"48":{"start":{"line":97,"column":8},"end":{"line":97,"column":52}},"49":{"start":{"line":99,"column":8},"end":{"line":99,"column":26}},"50":{"start":{"line":100,"column":8},"end":{"line":100,"column":36}},"51":{"start":{"line":105,"column":26},"end":{"line":124,"column":1}},"52":{"start":{"line":106,"column":4},"end":{"line":123,"column":5}},"53":{"start":{"line":107,"column":23},"end":{"line":107,"column":43}},"54":{"start":{"line":108,"column":21},"end":{"line":108,"column":43}},"55":{"start":{"line":109,"column":21},"end":{"line":109,"column":57}},"56":{"start":{"line":110,"column":22},"end":{"line":116,"column":33}},"57":{"start":{"line":117,"column":20},"end":{"line":117,"column":45}},"58":{"start":{"line":118,"column":8},"end":{"line":118,"column":26}},"59":{"start":{"line":119,"column":8},"end":{"line":119,"column":35}},"60":{"start":{"line":121,"column":8},"end":{"line":121,"column":26}},"61":{"start":{"line":122,"column":8},"end":{"line":122,"column":36}},"62":{"start":{"line":127,"column":23},"end":{"line":146,"column":1}},"63":{"start":{"line":128,"column":4},"end":{"line":145,"column":5}},"64":{"start":{"line":129,"column":23},"end":{"line":129,"column":43}},"65":{"start":{"line":130,"column":21},"end":{"line":130,"column":43}},"66":{"start":{"line":131,"column":21},"end":{"line":131,"column":57}},"67":{"start":{"line":132,"column":22},"end":{"line":138,"column":29}},"68":{"start":{"line":139,"column":20},"end":{"line":139,"column":45}},"69":{"start":{"line":140,"column":8},"end":{"line":140,"column":26}},"70":{"start":{"line":141,"column":8},"end":{"line":141,"column":35}},"71":{"start":{"line":143,"column":8},"end":{"line":143,"column":26}},"72":{"start":{"line":144,"column":8},"end":{"line":144,"column":36}},"73":{"start":{"line":149,"column":26},"end":{"line":164,"column":1}},"74":{"start":{"line":150,"column":4},"end":{"line":163,"column":5}},"75":{"start":{"line":151,"column":23},"end":{"line":151,"column":43}},"76":{"start":{"line":152,"column":22},"end":{"line":156,"column":33}},"77":{"start":{"line":157,"column":20},"end":{"line":157,"column":45}},"78":{"start":{"line":158,"column":8},"end":{"line":158,"column":26}},"79":{"start":{"line":159,"column":8},"end":{"line":159,"column":35}},"80":{"start":{"line":161,"column":8},"end":{"line":161,"column":26}},"81":{"start":{"line":162,"column":8},"end":{"line":162,"column":36}},"82":{"start":{"line":167,"column":23},"end":{"line":182,"column":1}},"83":{"start":{"line":168,"column":4},"end":{"line":181,"column":5}},"84":{"start":{"line":169,"column":23},"end":{"line":169,"column":43}},"85":{"start":{"line":170,"column":22},"end":{"line":174,"column":29}},"86":{"start":{"line":175,"column":20},"end":{"line":175,"column":45}},"87":{"start":{"line":176,"column":8},"end":{"line":176,"column":26}},"88":{"start":{"line":177,"column":8},"end":{"line":177,"column":35}},"89":{"start":{"line":179,"column":8},"end":{"line":179,"column":26}},"90":{"start":{"line":180,"column":8},"end":{"line":180,"column":36}},"91":{"start":{"line":184,"column":0},"end":{"line":193,"column":1}}},"fnMap":{"0":{"name":"(anonymous_0)","decl":{"start":{"line":7,"column":26},"end":{"line":7,"column":27}},"loc":{"start":{"line":7,"column":45},"end":{"line":24,"column":1}},"line":7},"1":{"name":"(anonymous_1)","decl":{"start":{"line":27,"column":16},"end":{"line":27,"column":17}},"loc":{"start":{"line":27,"column":31},"end":{"line":44,"column":1}},"line":27},"2":{"name":"(anonymous_2)","decl":{"start":{"line":47,"column":21},"end":{"line":47,"column":22}},"loc":{"start":{"line":47,"column":32},"end":{"line":62,"column":1}},"line":47},"3":{"name":"(anonymous_3)","decl":{"start":{"line":65,"column":31},"end":{"line":65,"column":32}},"loc":{"start":{"line":65,"column":47},"end":{"line":82,"column":1}},"line":65},"4":{"name":"(anonymous_4)","decl":{"start":{"line":85,"column":28},"end":{"line":85,"column":29}},"loc":{"start":{"line":85,"column":42},"end":{"line":102,"column":1}},"line":85},"5":{"name":"(anonymous_5)","decl":{"start":{"line":105,"column":26},"end":{"line":105,"column":27}},"loc":{"start":{"line":105,"column":48},"end":{"line":124,"column":1}},"line":105},"6":{"name":"(anonymous_6)","decl":{"start":{"line":127,"column":23},"end":{"line":127,"column":24}},"loc":{"start":{"line":127,"column":43},"end":{"line":146,"column":1}},"line":127},"7":{"name":"(anonymous_7)","decl":{"start":{"line":149,"column":26},"end":{"line":149,"column":27}},"loc":{"start":{"line":149,"column":42},"end":{"line":164,"column":1}},"line":149},"8":{"name":"(anonymous_8)","decl":{"start":{"line":167,"column":23},"end":{"line":167,"column":24}},"loc":{"start":{"line":167,"column":37},"end":{"line":182,"column":1}},"line":167}},"branchMap":{"0":{"loc":{"start":{"line":19,"column":31},"end":{"line":19,"column":51}},"type":"binary-expr","locations":[{"start":{"line":19,"column":31},"end":{"line":19,"column":45}},{"start":{"line":19,"column":49},"end":{"line":19,"column":51}}],"line":19},"1":{"loc":{"start":{"line":97,"column":31},"end":{"line":97,"column":51}},"type":"binary-expr","locations":[{"start":{"line":97,"column":31},"end":{"line":97,"column":45}},{"start":{"line":97,"column":49},"end":{"line":97,"column":51}}],"line":97}},"s":{"0":1,"1":1,"2":1,"3":1,"4":1,"5":0,"6":0,"7":0,"8":0,"9":0,"10":0,"11":0,"12":0,"13":1,"14":0,"15":0,"16":0,"17":0,"18":0,"19":0,"20":0,"21":0,"22":0,"23":0,"24":1,"25":0,"26":0,"27":0,"28":0,"29":0,"30":0,"31":0,"32":0,"33":1,"34":0,"35":0,"36":0,"37":0,"38":0,"39":0,"40":0,"41":0,"42":1,"43":0,"44":0,"45":0,"46":0,"47":0,"48":0,"49":0,"50":0,"51":1,"52":0,"53":0,"54":0,"55":0,"56":0,"57":0,"58":0,"59":0,"60":0,"61":0,"62":1,"63":0,"64":0,"65":0,"66":0,"67":0,"68":0,"69":0,"70":0,"71":0,"72":0,"73":1,"74":0,"75":0,"76":0,"77":0,"78":0,"79":0,"80":0,"81":0,"82":1,"83":0,"84":0,"85":0,"86":0,"87":0,"88":0,"89":0,"90":0,"91":1},"f":{"0":0,"1":0,"2":0,"3":0,"4":0,"5":0,"6":0,"7":0,"8":0},"b":{"0":[0,0],"1":[0,0]},"_coverageSchema":"1a1c01bbd47fc00a2c39e90264f33305004495a9","hash":"f8875138ff6c47cbe00b105f86edc70cbbf9ef1a"}
,"/Users/domy/Desktop/Laboratoria/Proyectos/burger-queen/burger-queen-API/Burger-queen-api/middleware/auth.js": {"path":"/Users/domy/Desktop/Laboratoria/Proyectos/burger-queen/burger-queen-API/Burger-queen-api/middleware/auth.js","statementMap":{"0":{"start":{"line":1,"column":12},"end":{"line":1,"column":35}},"1":{"start":{"line":2,"column":32},"end":{"line":2,"column":62}},"2":{"start":{"line":3,"column":15},"end":{"line":3,"column":37}},"3":{"start":{"line":5,"column":0},"end":{"line":29,"column":2}},"4":{"start":{"line":5,"column":24},"end":{"line":29,"column":1}},"5":{"start":{"line":6,"column":28},"end":{"line":6,"column":39}},"6":{"start":{"line":8,"column":2},"end":{"line":10,"column":3}},"7":{"start":{"line":9,"column":4},"end":{"line":9,"column":18}},"8":{"start":{"line":12,"column":24},"end":{"line":12,"column":48}},"9":{"start":{"line":14,"column":2},"end":{"line":16,"column":3}},"10":{"start":{"line":15,"column":4},"end":{"line":15,"column":18}},"11":{"start":{"line":17,"column":2},"end":{"line":28,"column":5}},"12":{"start":{"line":18,"column":4},"end":{"line":21,"column":5}},"13":{"start":{"line":19,"column":6},"end":{"line":19,"column":22}},"14":{"start":{"line":20,"column":6},"end":{"line":20,"column":23}},"15":{"start":{"line":22,"column":21},"end":{"line":22,"column":64}},"16":{"start":{"line":23,"column":4},"end":{"line":27,"column":5}},"17":{"start":{"line":24,"column":6},"end":{"line":24,"column":12}},"18":{"start":{"line":26,"column":6},"end":{"line":26,"column":23}},"19":{"start":{"line":31,"column":0},"end":{"line":51,"column":2}},"20":{"start":{"line":32,"column":28},"end":{"line":32,"column":39}},"21":{"start":{"line":34,"column":2},"end":{"line":36,"column":3}},"22":{"start":{"line":35,"column":4},"end":{"line":35,"column":47}},"23":{"start":{"line":38,"column":24},"end":{"line":38,"column":48}},"24":{"start":{"line":40,"column":2},"end":{"line":42,"column":3}},"25":{"start":{"line":41,"column":4},"end":{"line":41,"column":18}},"26":{"start":{"line":44,"column":2},"end":{"line":50,"column":4}},"27":{"start":{"line":45,"column":4},"end":{"line":48,"column":5}},"28":{"start":{"line":46,"column":6},"end":{"line":46,"column":22}},"29":{"start":{"line":47,"column":6},"end":{"line":47,"column":23}},"30":{"start":{"line":49,"column":4},"end":{"line":49,"column":10}},"31":{"start":{"line":53,"column":0},"end":{"line":77,"column":2}},"32":{"start":{"line":54,"column":28},"end":{"line":54,"column":39}},"33":{"start":{"line":56,"column":2},"end":{"line":58,"column":3}},"34":{"start":{"line":57,"column":4},"end":{"line":57,"column":47}},"35":{"start":{"line":60,"column":24},"end":{"line":60,"column":48}},"36":{"start":{"line":62,"column":2},"end":{"line":64,"column":3}},"37":{"start":{"line":63,"column":4},"end":{"line":63,"column":18}},"38":{"start":{"line":66,"column":2},"end":{"line":76,"column":4}},"39":{"start":{"line":67,"column":4},"end":{"line":70,"column":5}},"40":{"start":{"line":68,"column":6},"end":{"line":68,"column":22}},"41":{"start":{"line":69,"column":6},"end":{"line":69,"column":23}},"42":{"start":{"line":71,"column":4},"end":{"line":75,"column":5}},"43":{"start":{"line":72,"column":6},"end":{"line":72,"column":12}},"44":{"start":{"line":74,"column":6},"end":{"line":74,"column":23}}},"fnMap":{"0":{"name":"(anonymous_0)","decl":{"start":{"line":5,"column":17},"end":{"line":5,"column":18}},"loc":{"start":{"line":5,"column":24},"end":{"line":29,"column":1}},"line":5},"1":{"name":"(anonymous_1)","decl":{"start":{"line":5,"column":24},"end":{"line":5,"column":25}},"loc":{"start":{"line":5,"column":45},"end":{"line":29,"column":1}},"line":5},"2":{"name":"(anonymous_2)","decl":{"start":{"line":17,"column":28},"end":{"line":17,"column":29}},"loc":{"start":{"line":17,"column":57},"end":{"line":28,"column":3}},"line":17},"3":{"name":"(anonymous_3)","decl":{"start":{"line":31,"column":33},"end":{"line":31,"column":34}},"loc":{"start":{"line":31,"column":54},"end":{"line":51,"column":1}},"line":31},"4":{"name":"(anonymous_4)","decl":{"start":{"line":44,"column":28},"end":{"line":44,"column":29}},"loc":{"start":{"line":44,"column":57},"end":{"line":50,"column":3}},"line":44},"5":{"name":"(anonymous_5)","decl":{"start":{"line":53,"column":25},"end":{"line":53,"column":26}},"loc":{"start":{"line":53,"column":46},"end":{"line":77,"column":1}},"line":53},"6":{"name":"(anonymous_6)","decl":{"start":{"line":66,"column":28},"end":{"line":66,"column":29}},"loc":{"start":{"line":66,"column":57},"end":{"line":76,"column":3}},"line":66}},"branchMap":{"0":{"loc":{"start":{"line":8,"column":2},"end":{"line":10,"column":3}},"type":"if","locations":[{"start":{"line":8,"column":2},"end":{"line":10,"column":3}},{"start":{},"end":{}}],"line":8},"1":{"loc":{"start":{"line":14,"column":2},"end":{"line":16,"column":3}},"type":"if","locations":[{"start":{"line":14,"column":2},"end":{"line":16,"column":3}},{"start":{},"end":{}}],"line":14},"2":{"loc":{"start":{"line":18,"column":4},"end":{"line":21,"column":5}},"type":"if","locations":[{"start":{"line":18,"column":4},"end":{"line":21,"column":5}},{"start":{},"end":{}}],"line":18},"3":{"loc":{"start":{"line":23,"column":4},"end":{"line":27,"column":5}},"type":"if","locations":[{"start":{"line":23,"column":4},"end":{"line":27,"column":5}},{"start":{"line":25,"column":11},"end":{"line":27,"column":5}}],"line":23},"4":{"loc":{"start":{"line":34,"column":2},"end":{"line":36,"column":3}},"type":"if","locations":[{"start":{"line":34,"column":2},"end":{"line":36,"column":3}},{"start":{},"end":{}}],"line":34},"5":{"loc":{"start":{"line":40,"column":2},"end":{"line":42,"column":3}},"type":"if","locations":[{"start":{"line":40,"column":2},"end":{"line":42,"column":3}},{"start":{},"end":{}}],"line":40},"6":{"loc":{"start":{"line":45,"column":4},"end":{"line":48,"column":5}},"type":"if","locations":[{"start":{"line":45,"column":4},"end":{"line":48,"column":5}},{"start":{},"end":{}}],"line":45},"7":{"loc":{"start":{"line":56,"column":2},"end":{"line":58,"column":3}},"type":"if","locations":[{"start":{"line":56,"column":2},"end":{"line":58,"column":3}},{"start":{},"end":{}}],"line":56},"8":{"loc":{"start":{"line":62,"column":2},"end":{"line":64,"column":3}},"type":"if","locations":[{"start":{"line":62,"column":2},"end":{"line":64,"column":3}},{"start":{},"end":{}}],"line":62},"9":{"loc":{"start":{"line":67,"column":4},"end":{"line":70,"column":5}},"type":"if","locations":[{"start":{"line":67,"column":4},"end":{"line":70,"column":5}},{"start":{},"end":{}}],"line":67},"10":{"loc":{"start":{"line":71,"column":4},"end":{"line":75,"column":5}},"type":"if","locations":[{"start":{"line":71,"column":4},"end":{"line":75,"column":5}},{"start":{"line":73,"column":11},"end":{"line":75,"column":5}}],"line":71}},"s":{"0":1,"1":1,"2":1,"3":1,"4":0,"5":0,"6":0,"7":0,"8":0,"9":0,"10":0,"11":0,"12":0,"13":0,"14":0,"15":0,"16":0,"17":0,"18":0,"19":1,"20":0,"21":0,"22":0,"23":0,"24":0,"25":0,"26":0,"27":0,"28":0,"29":0,"30":0,"31":1,"32":0,"33":0,"34":0,"35":0,"36":0,"37":0,"38":0,"39":0,"40":0,"41":0,"42":0,"43":0,"44":0},"f":{"0":0,"1":0,"2":0,"3":0,"4":0,"5":0,"6":0},"b":{"0":[0,0],"1":[0,0],"2":[0,0],"3":[0,0],"4":[0,0],"5":[0,0],"6":[0,0],"7":[0,0],"8":[0,0],"9":[0,0],"10":[0,0]},"_coverageSchema":"1a1c01bbd47fc00a2c39e90264f33305004495a9","hash":"eef7804dd936a4cdcc84f57fec81c6b1e0944bae"}
,"/Users/domy/Desktop/Laboratoria/Proyectos/burger-queen/burger-queen-API/Burger-queen-api/routes/users.js": {"path":"/Users/domy/Desktop/Laboratoria/Proyectos/burger-queen/burger-queen-API/Burger-queen-api/routes/users.js","statementMap":{"0":{"start":{"line":1,"column":15},"end":{"line":1,"column":32}},"1":{"start":{"line":12,"column":4},"end":{"line":12,"column":34}},"2":{"start":{"line":16,"column":4},"end":{"line":16,"column":33}},"3":{"start":{"line":20,"column":4},"end":{"line":20,"column":34}},"4":{"start":{"line":22,"column":22},"end":{"line":36,"column":1}},"5":{"start":{"line":23,"column":40},"end":{"line":23,"column":57}},"6":{"start":{"line":24,"column":2},"end":{"line":26,"column":3}},"7":{"start":{"line":25,"column":4},"end":{"line":25,"column":18}},"8":{"start":{"line":28,"column":20},"end":{"line":32,"column":3}},"9":{"start":{"line":35,"column":2},"end":{"line":35,"column":9}},"10":{"start":{"line":65,"column":0},"end":{"line":256,"column":2}},"11":{"start":{"line":89,"column":2},"end":{"line":96,"column":5}},"12":{"start":{"line":90,"column":4},"end":{"line":95,"column":5}},"13":{"start":{"line":91,"column":23},"end":{"line":91,"column":43}},"14":{"start":{"line":92,"column":6},"end":{"line":92,"column":25}},"15":{"start":{"line":94,"column":6},"end":{"line":94,"column":34}},"16":{"start":{"line":116,"column":2},"end":{"line":125,"column":5}},"17":{"start":{"line":117,"column":4},"end":{"line":124,"column":5}},"18":{"start":{"line":118,"column":19},"end":{"line":118,"column":35}},"19":{"start":{"line":119,"column":27},"end":{"line":119,"column":61}},"20":{"start":{"line":120,"column":6},"end":{"line":120,"column":29}},"21":{"start":{"line":122,"column":6},"end":{"line":122,"column":24}},"22":{"start":{"line":123,"column":6},"end":{"line":123,"column":34}},"23":{"start":{"line":127,"column":2},"end":{"line":136,"column":5}},"24":{"start":{"line":128,"column":4},"end":{"line":135,"column":5}},"25":{"start":{"line":129,"column":19},"end":{"line":129,"column":33}},"26":{"start":{"line":130,"column":27},"end":{"line":130,"column":58}},"27":{"start":{"line":131,"column":6},"end":{"line":131,"column":29}},"28":{"start":{"line":133,"column":6},"end":{"line":133,"column":24}},"29":{"start":{"line":134,"column":6},"end":{"line":134,"column":34}},"30":{"start":{"line":158,"column":2},"end":{"line":167,"column":5}},"31":{"start":{"line":159,"column":4},"end":{"line":166,"column":5}},"32":{"start":{"line":160,"column":19},"end":{"line":160,"column":128}},"33":{"start":{"line":161,"column":6},"end":{"line":161,"column":25}},"34":{"start":{"line":162,"column":6},"end":{"line":162,"column":31}},"35":{"start":{"line":164,"column":6},"end":{"line":164,"column":24}},"36":{"start":{"line":165,"column":6},"end":{"line":165,"column":34}},"37":{"start":{"line":192,"column":2},"end":{"line":202,"column":5}},"38":{"start":{"line":193,"column":4},"end":{"line":201,"column":5}},"39":{"start":{"line":194,"column":19},"end":{"line":194,"column":35}},"40":{"start":{"line":195,"column":19},"end":{"line":195,"column":129}},"41":{"start":{"line":196,"column":6},"end":{"line":196,"column":41}},"42":{"start":{"line":197,"column":6},"end":{"line":197,"column":31}},"43":{"start":{"line":199,"column":6},"end":{"line":199,"column":24}},"44":{"start":{"line":200,"column":6},"end":{"line":200,"column":34}},"45":{"start":{"line":204,"column":2},"end":{"line":214,"column":5}},"46":{"start":{"line":205,"column":4},"end":{"line":213,"column":5}},"47":{"start":{"line":206,"column":19},"end":{"line":206,"column":33}},"48":{"start":{"line":207,"column":19},"end":{"line":207,"column":128}},"49":{"start":{"line":208,"column":6},"end":{"line":208,"column":38}},"50":{"start":{"line":209,"column":6},"end":{"line":209,"column":31}},"51":{"start":{"line":211,"column":6},"end":{"line":211,"column":24}},"52":{"start":{"line":212,"column":6},"end":{"line":212,"column":34}},"53":{"start":{"line":233,"column":2},"end":{"line":242,"column":5}},"54":{"start":{"line":234,"column":4},"end":{"line":241,"column":5}},"55":{"start":{"line":235,"column":19},"end":{"line":235,"column":35}},"56":{"start":{"line":236,"column":6},"end":{"line":236,"column":35}},"57":{"start":{"line":237,"column":6},"end":{"line":237,"column":31}},"58":{"start":{"line":239,"column":6},"end":{"line":239,"column":24}},"59":{"start":{"line":240,"column":6},"end":{"line":240,"column":34}},"60":{"start":{"line":244,"column":2},"end":{"line":253,"column":5}},"61":{"start":{"line":245,"column":4},"end":{"line":252,"column":5}},"62":{"start":{"line":246,"column":19},"end":{"line":246,"column":33}},"63":{"start":{"line":247,"column":6},"end":{"line":247,"column":32}},"64":{"start":{"line":248,"column":6},"end":{"line":248,"column":31}},"65":{"start":{"line":250,"column":6},"end":{"line":250,"column":24}},"66":{"start":{"line":251,"column":6},"end":{"line":251,"column":34}},"67":{"start":{"line":255,"column":2},"end":{"line":255,"column":27}}},"fnMap":{"0":{"name":"(anonymous_0)","decl":{"start":{"line":22,"column":22},"end":{"line":22,"column":23}},"loc":{"start":{"line":22,"column":37},"end":{"line":36,"column":1}},"line":22},"1":{"name":"(anonymous_1)","decl":{"start":{"line":65,"column":17},"end":{"line":65,"column":18}},"loc":{"start":{"line":65,"column":32},"end":{"line":256,"column":1}},"line":65},"2":{"name":"(anonymous_2)","decl":{"start":{"line":89,"column":20},"end":{"line":89,"column":21}},"loc":{"start":{"line":89,"column":46},"end":{"line":96,"column":3}},"line":89},"3":{"name":"(anonymous_3)","decl":{"start":{"line":116,"column":42},"end":{"line":116,"column":43}},"loc":{"start":{"line":116,"column":68},"end":{"line":125,"column":3}},"line":116},"4":{"name":"(anonymous_4)","decl":{"start":{"line":127,"column":34},"end":{"line":127,"column":35}},"loc":{"start":{"line":127,"column":60},"end":{"line":136,"column":3}},"line":127},"5":{"name":"(anonymous_5)","decl":{"start":{"line":158,"column":30},"end":{"line":158,"column":31}},"loc":{"start":{"line":158,"column":56},"end":{"line":167,"column":3}},"line":158},"6":{"name":"(anonymous_6)","decl":{"start":{"line":192,"column":42},"end":{"line":192,"column":43}},"loc":{"start":{"line":192,"column":68},"end":{"line":202,"column":3}},"line":192},"7":{"name":"(anonymous_7)","decl":{"start":{"line":204,"column":34},"end":{"line":204,"column":35}},"loc":{"start":{"line":204,"column":60},"end":{"line":214,"column":3}},"line":204},"8":{"name":"(anonymous_8)","decl":{"start":{"line":233,"column":45},"end":{"line":233,"column":46}},"loc":{"start":{"line":233,"column":71},"end":{"line":242,"column":3}},"line":233},"9":{"name":"(anonymous_9)","decl":{"start":{"line":244,"column":37},"end":{"line":244,"column":38}},"loc":{"start":{"line":244,"column":63},"end":{"line":253,"column":3}},"line":244}},"branchMap":{"0":{"loc":{"start":{"line":24,"column":2},"end":{"line":26,"column":3}},"type":"if","locations":[{"start":{"line":24,"column":2},"end":{"line":26,"column":3}},{"start":{},"end":{}}],"line":24},"1":{"loc":{"start":{"line":24,"column":6},"end":{"line":24,"column":35}},"type":"binary-expr","locations":[{"start":{"line":24,"column":6},"end":{"line":24,"column":17}},{"start":{"line":24,"column":21},"end":{"line":24,"column":35}}],"line":24}},"s":{"0":1,"1":1,"2":1,"3":1,"4":1,"5":1,"6":1,"7":1,"8":0,"9":0,"10":1,"11":1,"12":0,"13":0,"14":0,"15":0,"16":1,"17":0,"18":0,"19":0,"20":0,"21":0,"22":0,"23":1,"24":0,"25":0,"26":0,"27":0,"28":0,"29":0,"30":1,"31":0,"32":0,"33":0,"34":0,"35":0,"36":0,"37":1,"38":0,"39":0,"40":0,"41":0,"42":0,"43":0,"44":0,"45":1,"46":0,"47":0,"48":0,"49":0,"50":0,"51":0,"52":0,"53":1,"54":0,"55":0,"56":0,"57":0,"58":0,"59":0,"60":1,"61":0,"62":0,"63":0,"64":0,"65":0,"66":0,"67":1},"f":{"0":1,"1":1,"2":0,"3":0,"4":0,"5":0,"6":0,"7":0,"8":0,"9":0},"b":{"0":[1,0],"1":[1,0]},"_coverageSchema":"1a1c01bbd47fc00a2c39e90264f33305004495a9","hash":"b24d7c444ca141f2c5c2da7bfccb4de52c968825"}
}
