{"/Users/domy/Desktop/Laboratoria/Proyectos/burger-queen/burger-queen-API/Burger-queen-api/config.js": {"path":"/Users/domy/Desktop/Laboratoria/Proyectos/burger-queen/burger-queen-API/Burger-queen-api/config.js","statementMap":{"0":{"start":{"line":1,"column":0},"end":{"line":1,"column":26}},"1":{"start":{"line":3,"column":0},"end":{"line":3,"column":59}},"2":{"start":{"line":4,"column":0},"end":{"line":4,"column":40}},"3":{"start":{"line":5,"column":0},"end":{"line":5,"column":46}},"4":{"start":{"line":6,"column":0},"end":{"line":6,"column":51}},"5":{"start":{"line":7,"column":0},"end":{"line":7,"column":57}}},"fnMap":{},"branchMap":{"0":{"loc":{"start":{"line":3,"column":15},"end":{"line":3,"column":58}},"type":"binary-expr","locations":[{"start":{"line":3,"column":15},"end":{"line":3,"column":30}},{"start":{"line":3,"column":34},"end":{"line":3,"column":50}},{"start":{"line":3,"column":54},"end":{"line":3,"column":58}}],"line":3},"1":{"loc":{"start":{"line":4,"column":16},"end":{"line":4,"column":40}},"type":"binary-expr","locations":[{"start":{"line":4,"column":16},"end":{"line":4,"column":34}},{"start":{"line":4,"column":38},"end":{"line":4,"column":40}}],"line":4},"2":{"loc":{"start":{"line":5,"column":17},"end":{"line":5,"column":45}},"type":"binary-expr","locations":[{"start":{"line":5,"column":17},"end":{"line":5,"column":39}},{"start":{"line":5,"column":43},"end":{"line":5,"column":45}}],"line":5},"3":{"loc":{"start":{"line":6,"column":21},"end":{"line":6,"column":50}},"type":"binary-expr","locations":[{"start":{"line":6,"column":21},"end":{"line":6,"column":44}},{"start":{"line":6,"column":48},"end":{"line":6,"column":50}}],"line":6},"4":{"loc":{"start":{"line":7,"column":24},"end":{"line":7,"column":56}},"type":"binary-expr","locations":[{"start":{"line":7,"column":24},"end":{"line":7,"column":50}},{"start":{"line":7,"column":54},"end":{"line":7,"column":56}}],"line":7}},"s":{"0":1,"1":1,"2":1,"3":1,"4":1,"5":1},"f":{},"b":{"0":[1,0,0],"1":[1,0],"2":[1,0],"3":[1,1],"4":[1,1]},"_coverageSchema":"1a1c01bbd47fc00a2c39e90264f33305004495a9","hash":"24d49f5d65e1ca4522f6b7845473f6e3e32170d4"}
,"/Users/domy/Desktop/Laboratoria/Proyectos/burger-queen/burger-queen-API/Burger-queen-api/index.js": {"path":"/Users/domy/Desktop/Laboratoria/Proyectos/burger-queen/burger-queen-API/Burger-queen-api/index.js","statementMap":{"0":{"start":{"line":1,"column":16},"end":{"line":1,"column":34}},"1":{"start":{"line":2,"column":15},"end":{"line":2,"column":34}},"2":{"start":{"line":3,"column":23},"end":{"line":3,"column":51}},"3":{"start":{"line":4,"column":21},"end":{"line":4,"column":50}},"4":{"start":{"line":5,"column":15},"end":{"line":5,"column":34}},"5":{"start":{"line":6,"column":12},"end":{"line":6,"column":37}},"6":{"start":{"line":7,"column":11},"end":{"line":7,"column":24}},"7":{"start":{"line":16,"column":32},"end":{"line":16,"column":38}},"8":{"start":{"line":17,"column":12},"end":{"line":17,"column":21}},"9":{"start":{"line":20,"column":17},"end":{"line":20,"column":66}},"10":{"start":{"line":28,"column":0},"end":{"line":28,"column":26}},"11":{"start":{"line":29,"column":0},"end":{"line":29,"column":20}},"12":{"start":{"line":30,"column":0},"end":{"line":30,"column":23}},"13":{"start":{"line":38,"column":0},"end":{"line":38,"column":49}},"14":{"start":{"line":39,"column":0},"end":{"line":39,"column":24}},"15":{"start":{"line":40,"column":0},"end":{"line":40,"column":32}},"16":{"start":{"line":43,"column":0},"end":{"line":53,"column":3}},"17":{"start":{"line":44,"column":2},"end":{"line":46,"column":3}},"18":{"start":{"line":45,"column":4},"end":{"line":45,"column":14}},"19":{"start":{"line":48,"column":2},"end":{"line":48,"column":24}},"20":{"start":{"line":50,"column":2},"end":{"line":52,"column":5}},"21":{"start":{"line":51,"column":4},"end":{"line":51,"column":50}},"22":{"start":{"line":55,"column":0},"end":{"line":55,"column":25}}},"fnMap":{"0":{"name":"(anonymous_0)","decl":{"start":{"line":43,"column":12},"end":{"line":43,"column":13}},"loc":{"start":{"line":43,"column":21},"end":{"line":53,"column":1}},"line":43},"1":{"name":"(anonymous_1)","decl":{"start":{"line":50,"column":19},"end":{"line":50,"column":20}},"loc":{"start":{"line":50,"column":25},"end":{"line":52,"column":3}},"line":50}},"branchMap":{"0":{"loc":{"start":{"line":44,"column":2},"end":{"line":46,"column":3}},"type":"if","locations":[{"start":{"line":44,"column":2},"end":{"line":46,"column":3}},{"start":{},"end":{}}],"line":44}},"s":{"0":1,"1":1,"2":1,"3":1,"4":1,"5":1,"6":1,"7":1,"8":1,"9":1,"10":1,"11":1,"12":1,"13":1,"14":1,"15":1,"16":1,"17":1,"18":0,"19":1,"20":1,"21":1,"22":1},"f":{"0":1,"1":1},"b":{"0":[0,1]},"_coverageSchema":"1a1c01bbd47fc00a2c39e90264f33305004495a9","hash":"d5e0c6d180e7964ff2f7616d614dd8d0f4335de8"}
,"/Users/domy/Desktop/Laboratoria/Proyectos/burger-queen/burger-queen-API/Burger-queen-api/controller/login.js": {"path":"/Users/domy/Desktop/Laboratoria/Proyectos/burger-queen/burger-queen-API/Burger-queen-api/controller/login.js","statementMap":{"0":{"start":{"line":2,"column":0},"end":{"line":2,"column":26}},"1":{"start":{"line":3,"column":15},"end":{"line":3,"column":34}},"2":{"start":{"line":4,"column":12},"end":{"line":4,"column":35}},"3":{"start":{"line":6,"column":31},"end":{"line":6,"column":49}},"4":{"start":{"line":8,"column":15},"end":{"line":8,"column":37}},"5":{"start":{"line":11,"column":14},"end":{"line":31,"column":1}},"6":{"start":{"line":13,"column":21},"end":{"line":13,"column":38}},"7":{"start":{"line":14,"column":17},"end":{"line":14,"column":34}},"8":{"start":{"line":17,"column":4},"end":{"line":19,"column":5}},"9":{"start":{"line":18,"column":8},"end":{"line":18,"column":58}},"10":{"start":{"line":20,"column":4},"end":{"line":22,"column":5}},"11":{"start":{"line":21,"column":8},"end":{"line":21,"column":57}},"12":{"start":{"line":24,"column":26},"end":{"line":24,"column":59}},"13":{"start":{"line":25,"column":4},"end":{"line":30,"column":5}},"14":{"start":{"line":26,"column":22},"end":{"line":26,"column":154}},"15":{"start":{"line":27,"column":8},"end":{"line":27,"column":23}},"16":{"start":{"line":29,"column":8},"end":{"line":29,"column":46}},"17":{"start":{"line":33,"column":0},"end":{"line":33,"column":26}}},"fnMap":{"0":{"name":"(anonymous_0)","decl":{"start":{"line":11,"column":14},"end":{"line":11,"column":15}},"loc":{"start":{"line":11,"column":33},"end":{"line":31,"column":1}},"line":11}},"branchMap":{"0":{"loc":{"start":{"line":17,"column":4},"end":{"line":19,"column":5}},"type":"if","locations":[{"start":{"line":17,"column":4},"end":{"line":19,"column":5}},{"start":{},"end":{}}],"line":17},"1":{"loc":{"start":{"line":20,"column":4},"end":{"line":22,"column":5}},"type":"if","locations":[{"start":{"line":20,"column":4},"end":{"line":22,"column":5}},{"start":{},"end":{}}],"line":20},"2":{"loc":{"start":{"line":25,"column":4},"end":{"line":30,"column":5}},"type":"if","locations":[{"start":{"line":25,"column":4},"end":{"line":30,"column":5}},{"start":{"line":28,"column":11},"end":{"line":30,"column":5}}],"line":25}},"s":{"0":1,"1":1,"2":1,"3":1,"4":1,"5":1,"6":0,"7":0,"8":0,"9":0,"10":0,"11":0,"12":0,"13":0,"14":0,"15":0,"16":0,"17":1},"f":{"0":0},"b":{"0":[0,0],"1":[0,0],"2":[0,0]},"_coverageSchema":"1a1c01bbd47fc00a2c39e90264f33305004495a9","hash":"b121789e9db59cadae4f53f4c5ab04f00d188c77"}
,"/Users/domy/Desktop/Laboratoria/Proyectos/burger-queen/burger-queen-API/Burger-queen-api/controller/orders.js": {"path":"/Users/domy/Desktop/Laboratoria/Proyectos/burger-queen/burger-queen-API/Burger-queen-api/controller/orders.js","statementMap":{"0":{"start":{"line":1,"column":17},"end":{"line":1,"column":30}},"1":{"start":{"line":3,"column":15},"end":{"line":3,"column":35}},"2":{"start":{"line":5,"column":13},"end":{"line":5,"column":57}},"3":{"start":{"line":8,"column":22},"end":{"line":23,"column":1}},"4":{"start":{"line":9,"column":4},"end":{"line":22,"column":5}},"5":{"start":{"line":10,"column":23},"end":{"line":10,"column":43}},"6":{"start":{"line":11,"column":22},"end":{"line":15,"column":17}},"7":{"start":{"line":16,"column":20},"end":{"line":16,"column":45}},"8":{"start":{"line":17,"column":8},"end":{"line":17,"column":26}},"9":{"start":{"line":18,"column":8},"end":{"line":18,"column":40}},"10":{"start":{"line":20,"column":8},"end":{"line":20,"column":26}},"11":{"start":{"line":21,"column":8},"end":{"line":21,"column":36}},"12":{"start":{"line":26,"column":17},"end":{"line":41,"column":1}},"13":{"start":{"line":27,"column":4},"end":{"line":40,"column":5}},"14":{"start":{"line":28,"column":23},"end":{"line":28,"column":43}},"15":{"start":{"line":29,"column":22},"end":{"line":33,"column":126}},"16":{"start":{"line":34,"column":20},"end":{"line":34,"column":45}},"17":{"start":{"line":35,"column":8},"end":{"line":35,"column":26}},"18":{"start":{"line":36,"column":8},"end":{"line":36,"column":35}},"19":{"start":{"line":38,"column":8},"end":{"line":38,"column":26}},"20":{"start":{"line":39,"column":8},"end":{"line":39,"column":36}},"21":{"start":{"line":44,"column":29},"end":{"line":61,"column":1}},"22":{"start":{"line":45,"column":4},"end":{"line":60,"column":5}},"23":{"start":{"line":46,"column":23},"end":{"line":46,"column":43}},"24":{"start":{"line":47,"column":22},"end":{"line":53,"column":37}},"25":{"start":{"line":54,"column":20},"end":{"line":54,"column":45}},"26":{"start":{"line":55,"column":8},"end":{"line":55,"column":26}},"27":{"start":{"line":56,"column":8},"end":{"line":56,"column":40}},"28":{"start":{"line":58,"column":8},"end":{"line":58,"column":26}},"29":{"start":{"line":59,"column":8},"end":{"line":59,"column":36}},"30":{"start":{"line":64,"column":24},"end":{"line":81,"column":1}},"31":{"start":{"line":65,"column":4},"end":{"line":80,"column":5}},"32":{"start":{"line":66,"column":23},"end":{"line":66,"column":43}},"33":{"start":{"line":67,"column":22},"end":{"line":73,"column":37}},"34":{"start":{"line":74,"column":20},"end":{"line":74,"column":45}},"35":{"start":{"line":75,"column":8},"end":{"line":75,"column":26}},"36":{"start":{"line":76,"column":8},"end":{"line":76,"column":35}},"37":{"start":{"line":78,"column":8},"end":{"line":78,"column":26}},"38":{"start":{"line":79,"column":8},"end":{"line":79,"column":36}},"39":{"start":{"line":84,"column":24},"end":{"line":99,"column":1}},"40":{"start":{"line":85,"column":4},"end":{"line":98,"column":5}},"41":{"start":{"line":86,"column":23},"end":{"line":86,"column":43}},"42":{"start":{"line":87,"column":22},"end":{"line":91,"column":37}},"43":{"start":{"line":92,"column":20},"end":{"line":92,"column":45}},"44":{"start":{"line":93,"column":8},"end":{"line":93,"column":26}},"45":{"start":{"line":94,"column":8},"end":{"line":94,"column":35}},"46":{"start":{"line":96,"column":8},"end":{"line":96,"column":26}},"47":{"start":{"line":97,"column":8},"end":{"line":97,"column":36}},"48":{"start":{"line":101,"column":0},"end":{"line":107,"column":1}}},"fnMap":{"0":{"name":"(anonymous_0)","decl":{"start":{"line":8,"column":22},"end":{"line":8,"column":23}},"loc":{"start":{"line":8,"column":33},"end":{"line":23,"column":1}},"line":8},"1":{"name":"(anonymous_1)","decl":{"start":{"line":26,"column":17},"end":{"line":26,"column":18}},"loc":{"start":{"line":26,"column":33},"end":{"line":41,"column":1}},"line":26},"2":{"name":"(anonymous_2)","decl":{"start":{"line":44,"column":29},"end":{"line":44,"column":30}},"loc":{"start":{"line":44,"column":47},"end":{"line":61,"column":1}},"line":44},"3":{"name":"(anonymous_3)","decl":{"start":{"line":64,"column":24},"end":{"line":64,"column":25}},"loc":{"start":{"line":64,"column":49},"end":{"line":81,"column":1}},"line":64},"4":{"name":"(anonymous_4)","decl":{"start":{"line":84,"column":24},"end":{"line":84,"column":25}},"loc":{"start":{"line":84,"column":42},"end":{"line":99,"column":1}},"line":84}},"branchMap":{},"s":{"0":1,"1":1,"2":1,"3":1,"4":0,"5":0,"6":0,"7":0,"8":0,"9":0,"10":0,"11":0,"12":1,"13":0,"14":0,"15":0,"16":0,"17":0,"18":0,"19":0,"20":0,"21":1,"22":0,"23":0,"24":0,"25":0,"26":0,"27":0,"28":0,"29":0,"30":1,"31":0,"32":0,"33":0,"34":0,"35":0,"36":0,"37":0,"38":0,"39":1,"40":0,"41":0,"42":0,"43":0,"44":0,"45":0,"46":0,"47":0,"48":1},"f":{"0":0,"1":0,"2":0,"3":0,"4":0},"b":{},"_coverageSchema":"1a1c01bbd47fc00a2c39e90264f33305004495a9","hash":"5ee21e43b577452e64e48f5930702daa4304ae58"}
,"/Users/domy/Desktop/Laboratoria/Proyectos/burger-queen/burger-queen-API/Burger-queen-api/controller/productOrder.js": {"path":"/Users/domy/Desktop/Laboratoria/Proyectos/burger-queen/burger-queen-API/Burger-queen-api/controller/productOrder.js","statementMap":{"0":{"start":{"line":1,"column":17},"end":{"line":1,"column":30}},"1":{"start":{"line":2,"column":15},"end":{"line":2,"column":35}},"2":{"start":{"line":3,"column":13},"end":{"line":3,"column":57}},"3":{"start":{"line":6,"column":28},"end":{"line":21,"column":1}},"4":{"start":{"line":7,"column":4},"end":{"line":20,"column":5}},"5":{"start":{"line":8,"column":23},"end":{"line":8,"column":43}},"6":{"start":{"line":9,"column":22},"end":{"line":13,"column":24}},"7":{"start":{"line":14,"column":20},"end":{"line":14,"column":45}},"8":{"start":{"line":15,"column":8},"end":{"line":15,"column":26}},"9":{"start":{"line":16,"column":8},"end":{"line":16,"column":40}},"10":{"start":{"line":18,"column":8},"end":{"line":18,"column":26}},"11":{"start":{"line":19,"column":8},"end":{"line":19,"column":36}},"12":{"start":{"line":24,"column":24},"end":{"line":39,"column":1}},"13":{"start":{"line":25,"column":4},"end":{"line":38,"column":5}},"14":{"start":{"line":26,"column":23},"end":{"line":26,"column":43}},"15":{"start":{"line":27,"column":22},"end":{"line":31,"column":59}},"16":{"start":{"line":32,"column":20},"end":{"line":32,"column":45}},"17":{"start":{"line":33,"column":8},"end":{"line":33,"column":26}},"18":{"start":{"line":34,"column":8},"end":{"line":34,"column":35}},"19":{"start":{"line":36,"column":8},"end":{"line":36,"column":26}},"20":{"start":{"line":37,"column":8},"end":{"line":37,"column":36}},"21":{"start":{"line":42,"column":41},"end":{"line":65,"column":1}},"22":{"start":{"line":43,"column":4},"end":{"line":64,"column":5}},"23":{"start":{"line":44,"column":23},"end":{"line":44,"column":43}},"24":{"start":{"line":45,"column":22},"end":{"line":57,"column":48}},"25":{"start":{"line":58,"column":20},"end":{"line":58,"column":45}},"26":{"start":{"line":59,"column":8},"end":{"line":59,"column":26}},"27":{"start":{"line":60,"column":8},"end":{"line":60,"column":40}},"28":{"start":{"line":62,"column":8},"end":{"line":62,"column":26}},"29":{"start":{"line":63,"column":8},"end":{"line":63,"column":36}},"30":{"start":{"line":67,"column":0},"end":{"line":71,"column":1}}},"fnMap":{"0":{"name":"(anonymous_0)","decl":{"start":{"line":6,"column":28},"end":{"line":6,"column":29}},"loc":{"start":{"line":6,"column":39},"end":{"line":21,"column":1}},"line":6},"1":{"name":"(anonymous_1)","decl":{"start":{"line":24,"column":24},"end":{"line":24,"column":25}},"loc":{"start":{"line":24,"column":47},"end":{"line":39,"column":1}},"line":24},"2":{"name":"(anonymous_2)","decl":{"start":{"line":42,"column":41},"end":{"line":42,"column":42}},"loc":{"start":{"line":42,"column":52},"end":{"line":65,"column":1}},"line":42}},"branchMap":{},"s":{"0":1,"1":1,"2":1,"3":1,"4":0,"5":0,"6":0,"7":0,"8":0,"9":0,"10":0,"11":0,"12":1,"13":0,"14":0,"15":0,"16":0,"17":0,"18":0,"19":0,"20":0,"21":1,"22":0,"23":0,"24":0,"25":0,"26":0,"27":0,"28":0,"29":0,"30":1},"f":{"0":0,"1":0,"2":0},"b":{},"_coverageSchema":"1a1c01bbd47fc00a2c39e90264f33305004495a9","hash":"a91ad87a5d0955bfde2acb99a9ae2110a6266380"}
,"/Users/domy/Desktop/Laboratoria/Proyectos/burger-queen/burger-queen-API/Burger-queen-api/controller/products.js": {"path":"/Users/domy/Desktop/Laboratoria/Proyectos/burger-queen/burger-queen-API/Burger-queen-api/controller/products.js","statementMap":{"0":{"start":{"line":1,"column":17},"end":{"line":1,"column":30}},"1":{"start":{"line":3,"column":15},"end":{"line":3,"column":35}},"2":{"start":{"line":5,"column":13},"end":{"line":5,"column":57}},"3":{"start":{"line":8,"column":24},"end":{"line":23,"column":1}},"4":{"start":{"line":9,"column":4},"end":{"line":22,"column":5}},"5":{"start":{"line":10,"column":23},"end":{"line":10,"column":43}},"6":{"start":{"line":11,"column":22},"end":{"line":15,"column":19}},"7":{"start":{"line":16,"column":20},"end":{"line":16,"column":45}},"8":{"start":{"line":17,"column":8},"end":{"line":17,"column":26}},"9":{"start":{"line":18,"column":8},"end":{"line":18,"column":40}},"10":{"start":{"line":20,"column":8},"end":{"line":20,"column":26}},"11":{"start":{"line":21,"column":8},"end":{"line":21,"column":36}},"12":{"start":{"line":26,"column":19},"end":{"line":41,"column":1}},"13":{"start":{"line":27,"column":4},"end":{"line":40,"column":5}},"14":{"start":{"line":28,"column":23},"end":{"line":28,"column":43}},"15":{"start":{"line":29,"column":22},"end":{"line":33,"column":123}},"16":{"start":{"line":34,"column":20},"end":{"line":34,"column":45}},"17":{"start":{"line":35,"column":8},"end":{"line":35,"column":26}},"18":{"start":{"line":36,"column":8},"end":{"line":36,"column":35}},"19":{"start":{"line":38,"column":8},"end":{"line":38,"column":26}},"20":{"start":{"line":39,"column":8},"end":{"line":39,"column":36}},"21":{"start":{"line":44,"column":31},"end":{"line":61,"column":1}},"22":{"start":{"line":45,"column":4},"end":{"line":60,"column":5}},"23":{"start":{"line":46,"column":23},"end":{"line":46,"column":43}},"24":{"start":{"line":47,"column":22},"end":{"line":53,"column":41}},"25":{"start":{"line":54,"column":20},"end":{"line":54,"column":45}},"26":{"start":{"line":55,"column":8},"end":{"line":55,"column":26}},"27":{"start":{"line":56,"column":8},"end":{"line":56,"column":40}},"28":{"start":{"line":58,"column":8},"end":{"line":58,"column":26}},"29":{"start":{"line":59,"column":8},"end":{"line":59,"column":36}},"30":{"start":{"line":64,"column":26},"end":{"line":81,"column":1}},"31":{"start":{"line":65,"column":4},"end":{"line":80,"column":5}},"32":{"start":{"line":66,"column":23},"end":{"line":66,"column":43}},"33":{"start":{"line":67,"column":22},"end":{"line":73,"column":41}},"34":{"start":{"line":74,"column":20},"end":{"line":74,"column":45}},"35":{"start":{"line":75,"column":8},"end":{"line":75,"column":26}},"36":{"start":{"line":76,"column":8},"end":{"line":76,"column":35}},"37":{"start":{"line":78,"column":8},"end":{"line":78,"column":26}},"38":{"start":{"line":79,"column":8},"end":{"line":79,"column":36}},"39":{"start":{"line":84,"column":26},"end":{"line":99,"column":1}},"40":{"start":{"line":85,"column":4},"end":{"line":98,"column":5}},"41":{"start":{"line":86,"column":23},"end":{"line":86,"column":43}},"42":{"start":{"line":87,"column":22},"end":{"line":91,"column":41}},"43":{"start":{"line":92,"column":20},"end":{"line":92,"column":45}},"44":{"start":{"line":93,"column":8},"end":{"line":93,"column":26}},"45":{"start":{"line":94,"column":8},"end":{"line":94,"column":35}},"46":{"start":{"line":96,"column":8},"end":{"line":96,"column":26}},"47":{"start":{"line":97,"column":8},"end":{"line":97,"column":36}},"48":{"start":{"line":101,"column":0},"end":{"line":101,"column":110}}},"fnMap":{"0":{"name":"(anonymous_0)","decl":{"start":{"line":8,"column":24},"end":{"line":8,"column":25}},"loc":{"start":{"line":8,"column":35},"end":{"line":23,"column":1}},"line":8},"1":{"name":"(anonymous_1)","decl":{"start":{"line":26,"column":19},"end":{"line":26,"column":20}},"loc":{"start":{"line":26,"column":37},"end":{"line":41,"column":1}},"line":26},"2":{"name":"(anonymous_2)","decl":{"start":{"line":44,"column":31},"end":{"line":44,"column":32}},"loc":{"start":{"line":44,"column":51},"end":{"line":61,"column":1}},"line":44},"3":{"name":"(anonymous_3)","decl":{"start":{"line":64,"column":26},"end":{"line":64,"column":27}},"loc":{"start":{"line":64,"column":55},"end":{"line":81,"column":1}},"line":64},"4":{"name":"(anonymous_4)","decl":{"start":{"line":84,"column":26},"end":{"line":84,"column":27}},"loc":{"start":{"line":84,"column":46},"end":{"line":99,"column":1}},"line":84}},"branchMap":{},"s":{"0":1,"1":1,"2":1,"3":1,"4":0,"5":0,"6":0,"7":0,"8":0,"9":0,"10":0,"11":0,"12":1,"13":0,"14":0,"15":0,"16":0,"17":0,"18":0,"19":0,"20":0,"21":1,"22":0,"23":0,"24":0,"25":0,"26":0,"27":0,"28":0,"29":0,"30":1,"31":0,"32":0,"33":0,"34":0,"35":0,"36":0,"37":0,"38":0,"39":1,"40":0,"41":0,"42":0,"43":0,"44":0,"45":0,"46":0,"47":0,"48":1},"f":{"0":0,"1":0,"2":0,"3":0,"4":0},"b":{},"_coverageSchema":"1a1c01bbd47fc00a2c39e90264f33305004495a9","hash":"f92a64cf5c294e8b4f212b69d5fc3cacea1736b8"}
,"/Users/domy/Desktop/Laboratoria/Proyectos/burger-queen/burger-queen-API/Burger-queen-api/controller/users.js": {"path":"/Users/domy/Desktop/Laboratoria/Proyectos/burger-queen/burger-queen-API/Burger-queen-api/controller/users.js","statementMap":{"0":{"start":{"line":1,"column":15},"end":{"line":1,"column":34}},"1":{"start":{"line":2,"column":17},"end":{"line":2,"column":30}},"2":{"start":{"line":3,"column":15},"end":{"line":3,"column":35}},"3":{"start":{"line":4,"column":13},"end":{"line":4,"column":57}},"4":{"start":{"line":7,"column":26},"end":{"line":24,"column":1}},"5":{"start":{"line":8,"column":4},"end":{"line":23,"column":5}},"6":{"start":{"line":9,"column":23},"end":{"line":9,"column":43}},"7":{"start":{"line":10,"column":22},"end":{"line":16,"column":39}},"8":{"start":{"line":17,"column":20},"end":{"line":17,"column":45}},"9":{"start":{"line":18,"column":8},"end":{"line":18,"column":26}},"10":{"start":{"line":19,"column":8},"end":{"line":19,"column":52}},"11":{"start":{"line":21,"column":8},"end":{"line":21,"column":26}},"12":{"start":{"line":22,"column":8},"end":{"line":22,"column":36}},"13":{"start":{"line":27,"column":16},"end":{"line":44,"column":1}},"14":{"start":{"line":28,"column":4},"end":{"line":43,"column":5}},"15":{"start":{"line":29,"column":23},"end":{"line":29,"column":43}},"16":{"start":{"line":30,"column":21},"end":{"line":30,"column":43}},"17":{"start":{"line":31,"column":21},"end":{"line":31,"column":57}},"18":{"start":{"line":32,"column":22},"end":{"line":36,"column":78}},"19":{"start":{"line":37,"column":20},"end":{"line":37,"column":45}},"20":{"start":{"line":38,"column":8},"end":{"line":38,"column":26}},"21":{"start":{"line":39,"column":8},"end":{"line":39,"column":35}},"22":{"start":{"line":41,"column":8},"end":{"line":41,"column":26}},"23":{"start":{"line":42,"column":8},"end":{"line":42,"column":36}},"24":{"start":{"line":47,"column":21},"end":{"line":62,"column":1}},"25":{"start":{"line":48,"column":4},"end":{"line":61,"column":5}},"26":{"start":{"line":49,"column":23},"end":{"line":49,"column":43}},"27":{"start":{"line":50,"column":22},"end":{"line":54,"column":20}},"28":{"start":{"line":55,"column":20},"end":{"line":55,"column":45}},"29":{"start":{"line":56,"column":8},"end":{"line":56,"column":26}},"30":{"start":{"line":57,"column":8},"end":{"line":57,"column":40}},"31":{"start":{"line":59,"column":8},"end":{"line":59,"column":26}},"32":{"start":{"line":60,"column":8},"end":{"line":60,"column":36}},"33":{"start":{"line":65,"column":31},"end":{"line":82,"column":1}},"34":{"start":{"line":66,"column":4},"end":{"line":81,"column":5}},"35":{"start":{"line":67,"column":23},"end":{"line":67,"column":43}},"36":{"start":{"line":68,"column":22},"end":{"line":74,"column":33}},"37":{"start":{"line":75,"column":20},"end":{"line":75,"column":45}},"38":{"start":{"line":76,"column":8},"end":{"line":76,"column":26}},"39":{"start":{"line":77,"column":8},"end":{"line":77,"column":40}},"40":{"start":{"line":79,"column":8},"end":{"line":79,"column":26}},"41":{"start":{"line":80,"column":8},"end":{"line":80,"column":36}},"42":{"start":{"line":85,"column":28},"end":{"line":102,"column":1}},"43":{"start":{"line":86,"column":4},"end":{"line":101,"column":5}},"44":{"start":{"line":87,"column":23},"end":{"line":87,"column":43}},"45":{"start":{"line":88,"column":22},"end":{"line":94,"column":29}},"46":{"start":{"line":95,"column":20},"end":{"line":95,"column":45}},"47":{"start":{"line":96,"column":8},"end":{"line":96,"column":26}},"48":{"start":{"line":97,"column":8},"end":{"line":97,"column":52}},"49":{"start":{"line":99,"column":8},"end":{"line":99,"column":26}},"50":{"start":{"line":100,"column":8},"end":{"line":100,"column":36}},"51":{"start":{"line":105,"column":26},"end":{"line":124,"column":1}},"52":{"start":{"line":106,"column":4},"end":{"line":123,"column":5}},"53":{"start":{"line":107,"column":23},"end":{"line":107,"column":43}},"54":{"start":{"line":108,"column":21},"end":{"line":108,"column":43}},"55":{"start":{"line":109,"column":21},"end":{"line":109,"column":57}},"56":{"start":{"line":110,"column":22},"end":{"line":116,"column":33}},"57":{"start":{"line":117,"column":20},"end":{"line":117,"column":45}},"58":{"start":{"line":118,"column":8},"end":{"line":118,"column":26}},"59":{"start":{"line":119,"column":8},"end":{"line":119,"column":35}},"60":{"start":{"line":121,"column":8},"end":{"line":121,"column":26}},"61":{"start":{"line":122,"column":8},"end":{"line":122,"column":36}},"62":{"start":{"line":127,"column":23},"end":{"line":146,"column":1}},"63":{"start":{"line":128,"column":4},"end":{"line":145,"column":5}},"64":{"start":{"line":129,"column":23},"end":{"line":129,"column":43}},"65":{"start":{"line":130,"column":21},"end":{"line":130,"column":43}},"66":{"start":{"line":131,"column":21},"end":{"line":131,"column":57}},"67":{"start":{"line":132,"column":22},"end":{"line":138,"column":29}},"68":{"start":{"line":139,"column":20},"end":{"line":139,"column":45}},"69":{"start":{"line":140,"column":8},"end":{"line":140,"column":26}},"70":{"start":{"line":141,"column":8},"end":{"line":141,"column":35}},"71":{"start":{"line":143,"column":8},"end":{"line":143,"column":26}},"72":{"start":{"line":144,"column":8},"end":{"line":144,"column":36}},"73":{"start":{"line":149,"column":26},"end":{"line":164,"column":1}},"74":{"start":{"line":150,"column":4},"end":{"line":163,"column":5}},"75":{"start":{"line":151,"column":23},"end":{"line":151,"column":43}},"76":{"start":{"line":152,"column":22},"end":{"line":156,"column":33}},"77":{"start":{"line":157,"column":20},"end":{"line":157,"column":45}},"78":{"start":{"line":158,"column":8},"end":{"line":158,"column":26}},"79":{"start":{"line":159,"column":8},"end":{"line":159,"column":35}},"80":{"start":{"line":161,"column":8},"end":{"line":161,"column":26}},"81":{"start":{"line":162,"column":8},"end":{"line":162,"column":36}},"82":{"start":{"line":167,"column":23},"end":{"line":182,"column":1}},"83":{"start":{"line":168,"column":4},"end":{"line":181,"column":5}},"84":{"start":{"line":169,"column":23},"end":{"line":169,"column":43}},"85":{"start":{"line":170,"column":22},"end":{"line":174,"column":29}},"86":{"start":{"line":175,"column":20},"end":{"line":175,"column":45}},"87":{"start":{"line":176,"column":8},"end":{"line":176,"column":26}},"88":{"start":{"line":177,"column":8},"end":{"line":177,"column":35}},"89":{"start":{"line":179,"column":8},"end":{"line":179,"column":26}},"90":{"start":{"line":180,"column":8},"end":{"line":180,"column":36}},"91":{"start":{"line":184,"column":0},"end":{"line":193,"column":1}}},"fnMap":{"0":{"name":"(anonymous_0)","decl":{"start":{"line":7,"column":26},"end":{"line":7,"column":27}},"loc":{"start":{"line":7,"column":45},"end":{"line":24,"column":1}},"line":7},"1":{"name":"(anonymous_1)","decl":{"start":{"line":27,"column":16},"end":{"line":27,"column":17}},"loc":{"start":{"line":27,"column":31},"end":{"line":44,"column":1}},"line":27},"2":{"name":"(anonymous_2)","decl":{"start":{"line":47,"column":21},"end":{"line":47,"column":22}},"loc":{"start":{"line":47,"column":32},"end":{"line":62,"column":1}},"line":47},"3":{"name":"(anonymous_3)","decl":{"start":{"line":65,"column":31},"end":{"line":65,"column":32}},"loc":{"start":{"line":65,"column":47},"end":{"line":82,"column":1}},"line":65},"4":{"name":"(anonymous_4)","decl":{"start":{"line":85,"column":28},"end":{"line":85,"column":29}},"loc":{"start":{"line":85,"column":42},"end":{"line":102,"column":1}},"line":85},"5":{"name":"(anonymous_5)","decl":{"start":{"line":105,"column":26},"end":{"line":105,"column":27}},"loc":{"start":{"line":105,"column":48},"end":{"line":124,"column":1}},"line":105},"6":{"name":"(anonymous_6)","decl":{"start":{"line":127,"column":23},"end":{"line":127,"column":24}},"loc":{"start":{"line":127,"column":43},"end":{"line":146,"column":1}},"line":127},"7":{"name":"(anonymous_7)","decl":{"start":{"line":149,"column":26},"end":{"line":149,"column":27}},"loc":{"start":{"line":149,"column":42},"end":{"line":164,"column":1}},"line":149},"8":{"name":"(anonymous_8)","decl":{"start":{"line":167,"column":23},"end":{"line":167,"column":24}},"loc":{"start":{"line":167,"column":37},"end":{"line":182,"column":1}},"line":167}},"branchMap":{"0":{"loc":{"start":{"line":19,"column":31},"end":{"line":19,"column":51}},"type":"binary-expr","locations":[{"start":{"line":19,"column":31},"end":{"line":19,"column":45}},{"start":{"line":19,"column":49},"end":{"line":19,"column":51}}],"line":19},"1":{"loc":{"start":{"line":97,"column":31},"end":{"line":97,"column":51}},"type":"binary-expr","locations":[{"start":{"line":97,"column":31},"end":{"line":97,"column":45}},{"start":{"line":97,"column":49},"end":{"line":97,"column":51}}],"line":97}},"s":{"0":1,"1":1,"2":1,"3":1,"4":1,"5":0,"6":0,"7":0,"8":0,"9":0,"10":0,"11":0,"12":0,"13":1,"14":1,"15":1,"16":1,"17":1,"18":1,"19":1,"20":1,"21":1,"22":0,"23":0,"24":1,"25":1,"26":1,"27":1,"28":1,"29":1,"30":1,"31":0,"32":0,"33":1,"34":1,"35":1,"36":1,"37":1,"38":1,"39":1,"40":0,"41":0,"42":1,"43":5,"44":5,"45":5,"46":5,"47":5,"48":5,"49":0,"50":0,"51":1,"52":1,"53":1,"54":1,"55":1,"56":1,"57":1,"58":1,"59":1,"60":0,"61":0,"62":1,"63":0,"64":0,"65":0,"66":0,"67":0,"68":0,"69":0,"70":0,"71":0,"72":0,"73":1,"74":1,"75":1,"76":1,"77":1,"78":1,"79":1,"80":0,"81":0,"82":1,"83":0,"84":0,"85":0,"86":0,"87":0,"88":0,"89":0,"90":0,"91":1},"f":{"0":0,"1":1,"2":1,"3":1,"4":5,"5":1,"6":0,"7":1,"8":0},"b":{"0":[0,0],"1":[5,0]},"_coverageSchema":"1a1c01bbd47fc00a2c39e90264f33305004495a9","hash":"f8875138ff6c47cbe00b105f86edc70cbbf9ef1a"}
,"/Users/domy/Desktop/Laboratoria/Proyectos/burger-queen/burger-queen-API/Burger-queen-api/middleware/auth.js": {"path":"/Users/domy/Desktop/Laboratoria/Proyectos/burger-queen/burger-queen-API/Burger-queen-api/middleware/auth.js","statementMap":{"0":{"start":{"line":1,"column":12},"end":{"line":1,"column":35}},"1":{"start":{"line":2,"column":32},"end":{"line":2,"column":62}},"2":{"start":{"line":3,"column":15},"end":{"line":3,"column":37}},"3":{"start":{"line":5,"column":0},"end":{"line":29,"column":2}},"4":{"start":{"line":5,"column":24},"end":{"line":29,"column":1}},"5":{"start":{"line":6,"column":28},"end":{"line":6,"column":39}},"6":{"start":{"line":8,"column":2},"end":{"line":10,"column":3}},"7":{"start":{"line":9,"column":4},"end":{"line":9,"column":18}},"8":{"start":{"line":12,"column":24},"end":{"line":12,"column":48}},"9":{"start":{"line":14,"column":2},"end":{"line":16,"column":3}},"10":{"start":{"line":15,"column":4},"end":{"line":15,"column":18}},"11":{"start":{"line":17,"column":2},"end":{"line":28,"column":5}},"12":{"start":{"line":18,"column":4},"end":{"line":21,"column":5}},"13":{"start":{"line":19,"column":6},"end":{"line":19,"column":22}},"14":{"start":{"line":20,"column":6},"end":{"line":20,"column":23}},"15":{"start":{"line":22,"column":21},"end":{"line":22,"column":64}},"16":{"start":{"line":23,"column":4},"end":{"line":27,"column":5}},"17":{"start":{"line":24,"column":6},"end":{"line":24,"column":12}},"18":{"start":{"line":26,"column":6},"end":{"line":26,"column":23}},"19":{"start":{"line":31,"column":0},"end":{"line":51,"column":2}},"20":{"start":{"line":32,"column":28},"end":{"line":32,"column":39}},"21":{"start":{"line":34,"column":2},"end":{"line":36,"column":3}},"22":{"start":{"line":35,"column":4},"end":{"line":35,"column":47}},"23":{"start":{"line":38,"column":24},"end":{"line":38,"column":48}},"24":{"start":{"line":40,"column":2},"end":{"line":42,"column":3}},"25":{"start":{"line":41,"column":4},"end":{"line":41,"column":18}},"26":{"start":{"line":44,"column":2},"end":{"line":50,"column":4}},"27":{"start":{"line":45,"column":4},"end":{"line":48,"column":5}},"28":{"start":{"line":46,"column":6},"end":{"line":46,"column":22}},"29":{"start":{"line":47,"column":6},"end":{"line":47,"column":23}},"30":{"start":{"line":49,"column":4},"end":{"line":49,"column":10}},"31":{"start":{"line":53,"column":0},"end":{"line":77,"column":2}},"32":{"start":{"line":54,"column":28},"end":{"line":54,"column":39}},"33":{"start":{"line":56,"column":2},"end":{"line":58,"column":3}},"34":{"start":{"line":57,"column":4},"end":{"line":57,"column":47}},"35":{"start":{"line":60,"column":24},"end":{"line":60,"column":48}},"36":{"start":{"line":62,"column":2},"end":{"line":64,"column":3}},"37":{"start":{"line":63,"column":4},"end":{"line":63,"column":18}},"38":{"start":{"line":66,"column":2},"end":{"line":76,"column":4}},"39":{"start":{"line":67,"column":4},"end":{"line":70,"column":5}},"40":{"start":{"line":68,"column":6},"end":{"line":68,"column":22}},"41":{"start":{"line":69,"column":6},"end":{"line":69,"column":23}},"42":{"start":{"line":71,"column":4},"end":{"line":75,"column":5}},"43":{"start":{"line":72,"column":6},"end":{"line":72,"column":12}},"44":{"start":{"line":74,"column":6},"end":{"line":74,"column":23}}},"fnMap":{"0":{"name":"(anonymous_0)","decl":{"start":{"line":5,"column":17},"end":{"line":5,"column":18}},"loc":{"start":{"line":5,"column":24},"end":{"line":29,"column":1}},"line":5},"1":{"name":"(anonymous_1)","decl":{"start":{"line":5,"column":24},"end":{"line":5,"column":25}},"loc":{"start":{"line":5,"column":45},"end":{"line":29,"column":1}},"line":5},"2":{"name":"(anonymous_2)","decl":{"start":{"line":17,"column":28},"end":{"line":17,"column":29}},"loc":{"start":{"line":17,"column":57},"end":{"line":28,"column":3}},"line":17},"3":{"name":"(anonymous_3)","decl":{"start":{"line":31,"column":33},"end":{"line":31,"column":34}},"loc":{"start":{"line":31,"column":54},"end":{"line":51,"column":1}},"line":31},"4":{"name":"(anonymous_4)","decl":{"start":{"line":44,"column":28},"end":{"line":44,"column":29}},"loc":{"start":{"line":44,"column":57},"end":{"line":50,"column":3}},"line":44},"5":{"name":"(anonymous_5)","decl":{"start":{"line":53,"column":25},"end":{"line":53,"column":26}},"loc":{"start":{"line":53,"column":46},"end":{"line":77,"column":1}},"line":53},"6":{"name":"(anonymous_6)","decl":{"start":{"line":66,"column":28},"end":{"line":66,"column":29}},"loc":{"start":{"line":66,"column":57},"end":{"line":76,"column":3}},"line":66}},"branchMap":{"0":{"loc":{"start":{"line":8,"column":2},"end":{"line":10,"column":3}},"type":"if","locations":[{"start":{"line":8,"column":2},"end":{"line":10,"column":3}},{"start":{},"end":{}}],"line":8},"1":{"loc":{"start":{"line":14,"column":2},"end":{"line":16,"column":3}},"type":"if","locations":[{"start":{"line":14,"column":2},"end":{"line":16,"column":3}},{"start":{},"end":{}}],"line":14},"2":{"loc":{"start":{"line":18,"column":4},"end":{"line":21,"column":5}},"type":"if","locations":[{"start":{"line":18,"column":4},"end":{"line":21,"column":5}},{"start":{},"end":{}}],"line":18},"3":{"loc":{"start":{"line":23,"column":4},"end":{"line":27,"column":5}},"type":"if","locations":[{"start":{"line":23,"column":4},"end":{"line":27,"column":5}},{"start":{"line":25,"column":11},"end":{"line":27,"column":5}}],"line":23},"4":{"loc":{"start":{"line":34,"column":2},"end":{"line":36,"column":3}},"type":"if","locations":[{"start":{"line":34,"column":2},"end":{"line":36,"column":3}},{"start":{},"end":{}}],"line":34},"5":{"loc":{"start":{"line":40,"column":2},"end":{"line":42,"column":3}},"type":"if","locations":[{"start":{"line":40,"column":2},"end":{"line":42,"column":3}},{"start":{},"end":{}}],"line":40},"6":{"loc":{"start":{"line":45,"column":4},"end":{"line":48,"column":5}},"type":"if","locations":[{"start":{"line":45,"column":4},"end":{"line":48,"column":5}},{"start":{},"end":{}}],"line":45},"7":{"loc":{"start":{"line":56,"column":2},"end":{"line":58,"column":3}},"type":"if","locations":[{"start":{"line":56,"column":2},"end":{"line":58,"column":3}},{"start":{},"end":{}}],"line":56},"8":{"loc":{"start":{"line":62,"column":2},"end":{"line":64,"column":3}},"type":"if","locations":[{"start":{"line":62,"column":2},"end":{"line":64,"column":3}},{"start":{},"end":{}}],"line":62},"9":{"loc":{"start":{"line":67,"column":4},"end":{"line":70,"column":5}},"type":"if","locations":[{"start":{"line":67,"column":4},"end":{"line":70,"column":5}},{"start":{},"end":{}}],"line":67},"10":{"loc":{"start":{"line":71,"column":4},"end":{"line":75,"column":5}},"type":"if","locations":[{"start":{"line":71,"column":4},"end":{"line":75,"column":5}},{"start":{"line":73,"column":11},"end":{"line":75,"column":5}}],"line":71}},"s":{"0":1,"1":1,"2":1,"3":1,"4":1,"5":5,"6":5,"7":0,"8":5,"9":5,"10":0,"11":5,"12":5,"13":0,"14":0,"15":5,"16":5,"17":5,"18":0,"19":1,"20":0,"21":0,"22":0,"23":0,"24":0,"25":0,"26":0,"27":0,"28":0,"29":0,"30":0,"31":1,"32":5,"33":5,"34":0,"35":5,"36":5,"37":0,"38":5,"39":5,"40":0,"41":0,"42":5,"43":5,"44":0},"f":{"0":1,"1":5,"2":5,"3":0,"4":0,"5":5,"6":5},"b":{"0":[0,5],"1":[0,5],"2":[0,5],"3":[5,0],"4":[0,0],"5":[0,0],"6":[0,0],"7":[0,5],"8":[0,5],"9":[0,5],"10":[5,0]},"_coverageSchema":"1a1c01bbd47fc00a2c39e90264f33305004495a9","hash":"eef7804dd936a4cdcc84f57fec81c6b1e0944bae"}
,"/Users/domy/Desktop/Laboratoria/Proyectos/burger-queen/burger-queen-API/Burger-queen-api/middleware/error.js": {"path":"/Users/domy/Desktop/Laboratoria/Proyectos/burger-queen/burger-queen-API/Burger-queen-api/middleware/error.js","statementMap":{"0":{"start":{"line":1,"column":19},"end":{"line":7,"column":1}},"1":{"start":{"line":9,"column":31},"end":{"line":11,"column":1}},"2":{"start":{"line":10,"column":2},"end":{"line":10,"column":75}},"3":{"start":{"line":14,"column":0},"end":{"line":26,"column":2}},"4":{"start":{"line":15,"column":21},"end":{"line":17,"column":27}},"5":{"start":{"line":18,"column":18},"end":{"line":18,"column":62}},"6":{"start":{"line":20,"column":2},"end":{"line":22,"column":3}},"7":{"start":{"line":21,"column":4},"end":{"line":21,"column":39}},"8":{"start":{"line":24,"column":2},"end":{"line":24,"column":56}},"9":{"start":{"line":25,"column":2},"end":{"line":25,"column":9}}},"fnMap":{"0":{"name":"(anonymous_0)","decl":{"start":{"line":9,"column":31},"end":{"line":9,"column":32}},"loc":{"start":{"line":10,"column":2},"end":{"line":10,"column":75}},"line":10},"1":{"name":"(anonymous_1)","decl":{"start":{"line":14,"column":17},"end":{"line":14,"column":18}},"loc":{"start":{"line":14,"column":43},"end":{"line":26,"column":1}},"line":14}},"branchMap":{"0":{"loc":{"start":{"line":10,"column":2},"end":{"line":10,"column":75}},"type":"binary-expr","locations":[{"start":{"line":10,"column":2},"end":{"line":10,"column":25}},{"start":{"line":10,"column":29},"end":{"line":10,"column":75}}],"line":10},"1":{"loc":{"start":{"line":15,"column":21},"end":{"line":17,"column":27}},"type":"cond-expr","locations":[{"start":{"line":16,"column":6},"end":{"line":16,"column":9}},{"start":{"line":17,"column":6},"end":{"line":17,"column":27}}],"line":15},"2":{"loc":{"start":{"line":17,"column":6},"end":{"line":17,"column":27}},"type":"binary-expr","locations":[{"start":{"line":17,"column":6},"end":{"line":17,"column":20}},{"start":{"line":17,"column":24},"end":{"line":17,"column":27}}],"line":17},"3":{"loc":{"start":{"line":18,"column":18},"end":{"line":18,"column":62}},"type":"binary-expr","locations":[{"start":{"line":18,"column":18},"end":{"line":18,"column":29}},{"start":{"line":18,"column":33},"end":{"line":18,"column":55}},{"start":{"line":18,"column":59},"end":{"line":18,"column":62}}],"line":18},"4":{"loc":{"start":{"line":20,"column":2},"end":{"line":22,"column":3}},"type":"if","locations":[{"start":{"line":20,"column":2},"end":{"line":22,"column":3}},{"start":{},"end":{}}],"line":20}},"s":{"0":1,"1":1,"2":0,"3":1,"4":0,"5":0,"6":0,"7":0,"8":0,"9":0},"f":{"0":0,"1":0},"b":{"0":[0,0],"1":[0,0],"2":[0,0],"3":[0,0,0],"4":[0,0]},"_coverageSchema":"1a1c01bbd47fc00a2c39e90264f33305004495a9","hash":"f7bf11b38266b5b50522da189b03851089c43477"}
,"/Users/domy/Desktop/Laboratoria/Proyectos/burger-queen/burger-queen-API/Burger-queen-api/routes/auth.js": {"path":"/Users/domy/Desktop/Laboratoria/Proyectos/burger-queen/burger-queen-API/Burger-queen-api/routes/auth.js","statementMap":{"0":{"start":{"line":1,"column":12},"end":{"line":1,"column":35}},"1":{"start":{"line":2,"column":15},"end":{"line":2,"column":35}},"2":{"start":{"line":3,"column":18},"end":{"line":3,"column":48}},"3":{"start":{"line":5,"column":19},"end":{"line":5,"column":25}},"4":{"start":{"line":8,"column":0},"end":{"line":32,"column":2}},"5":{"start":{"line":21,"column":2},"end":{"line":29,"column":5}},"6":{"start":{"line":22,"column":35},"end":{"line":22,"column":43}},"7":{"start":{"line":24,"column":4},"end":{"line":26,"column":5}},"8":{"start":{"line":25,"column":6},"end":{"line":25,"column":23}},"9":{"start":{"line":28,"column":4},"end":{"line":28,"column":26}},"10":{"start":{"line":31,"column":2},"end":{"line":31,"column":20}}},"fnMap":{"0":{"name":"(anonymous_0)","decl":{"start":{"line":8,"column":17},"end":{"line":8,"column":18}},"loc":{"start":{"line":8,"column":36},"end":{"line":32,"column":1}},"line":8},"1":{"name":"(anonymous_1)","decl":{"start":{"line":21,"column":20},"end":{"line":21,"column":21}},"loc":{"start":{"line":21,"column":47},"end":{"line":29,"column":3}},"line":21}},"branchMap":{"0":{"loc":{"start":{"line":24,"column":4},"end":{"line":26,"column":5}},"type":"if","locations":[{"start":{"line":24,"column":4},"end":{"line":26,"column":5}},{"start":{},"end":{}}],"line":24},"1":{"loc":{"start":{"line":24,"column":8},"end":{"line":24,"column":30}},"type":"binary-expr","locations":[{"start":{"line":24,"column":8},"end":{"line":24,"column":17}},{"start":{"line":24,"column":21},"end":{"line":24,"column":30}}],"line":24}},"s":{"0":1,"1":1,"2":1,"3":1,"4":1,"5":1,"6":0,"7":0,"8":0,"9":0,"10":1},"f":{"0":1,"1":0},"b":{"0":[0,0],"1":[0,0]},"_coverageSchema":"1a1c01bbd47fc00a2c39e90264f33305004495a9","hash":"9308435f916ff82c2ff0d35ff086a5b4a80fab3d"}
,"/Users/domy/Desktop/Laboratoria/Proyectos/burger-queen/burger-queen-API/Burger-queen-api/routes/index.js": {"path":"/Users/domy/Desktop/Laboratoria/Proyectos/burger-queen/burger-queen-API/Burger-queen-api/routes/index.js","statementMap":{"0":{"start":{"line":1,"column":13},"end":{"line":1,"column":30}},"1":{"start":{"line":2,"column":14},"end":{"line":2,"column":32}},"2":{"start":{"line":3,"column":17},"end":{"line":3,"column":38}},"3":{"start":{"line":4,"column":15},"end":{"line":4,"column":34}},"4":{"start":{"line":5,"column":21},"end":{"line":5,"column":46}},"5":{"start":{"line":7,"column":13},"end":{"line":12,"column":1}},"6":{"start":{"line":8,"column":14},"end":{"line":8,"column":28}},"7":{"start":{"line":9,"column":2},"end":{"line":9,"column":81}},"8":{"start":{"line":9,"column":29},"end":{"line":9,"column":79}},"9":{"start":{"line":10,"column":2},"end":{"line":10,"column":53}},"10":{"start":{"line":10,"column":39},"end":{"line":10,"column":51}},"11":{"start":{"line":11,"column":2},"end":{"line":11,"column":16}},"12":{"start":{"line":15,"column":17},"end":{"line":26,"column":1}},"13":{"start":{"line":16,"column":2},"end":{"line":18,"column":3}},"14":{"start":{"line":17,"column":4},"end":{"line":17,"column":16}},"15":{"start":{"line":20,"column":2},"end":{"line":25,"column":5}},"16":{"start":{"line":21,"column":4},"end":{"line":23,"column":5}},"17":{"start":{"line":22,"column":6},"end":{"line":22,"column":21}},"18":{"start":{"line":24,"column":4},"end":{"line":24,"column":46}},"19":{"start":{"line":28,"column":0},"end":{"line":35,"column":9}},"20":{"start":{"line":28,"column":32},"end":{"line":35,"column":8}}},"fnMap":{"0":{"name":"(anonymous_0)","decl":{"start":{"line":7,"column":13},"end":{"line":7,"column":14}},"loc":{"start":{"line":7,"column":28},"end":{"line":12,"column":1}},"line":7},"1":{"name":"(anonymous_1)","decl":{"start":{"line":9,"column":15},"end":{"line":9,"column":16}},"loc":{"start":{"line":9,"column":29},"end":{"line":9,"column":79}},"line":9},"2":{"name":"(anonymous_2)","decl":{"start":{"line":10,"column":15},"end":{"line":10,"column":16}},"loc":{"start":{"line":10,"column":39},"end":{"line":10,"column":51}},"line":10},"3":{"name":"(anonymous_3)","decl":{"start":{"line":15,"column":17},"end":{"line":15,"column":18}},"loc":{"start":{"line":15,"column":38},"end":{"line":26,"column":1}},"line":15},"4":{"name":"(anonymous_4)","decl":{"start":{"line":20,"column":17},"end":{"line":20,"column":18}},"loc":{"start":{"line":20,"column":26},"end":{"line":25,"column":3}},"line":20},"5":{"name":"(anonymous_5)","decl":{"start":{"line":28,"column":17},"end":{"line":28,"column":18}},"loc":{"start":{"line":28,"column":32},"end":{"line":35,"column":8}},"line":28}},"branchMap":{"0":{"loc":{"start":{"line":16,"column":2},"end":{"line":18,"column":3}},"type":"if","locations":[{"start":{"line":16,"column":2},"end":{"line":18,"column":3}},{"start":{},"end":{}}],"line":16},"1":{"loc":{"start":{"line":21,"column":4},"end":{"line":23,"column":5}},"type":"if","locations":[{"start":{"line":21,"column":4},"end":{"line":23,"column":5}},{"start":{},"end":{}}],"line":21}},"s":{"0":1,"1":1,"2":1,"3":1,"4":1,"5":1,"6":1,"7":1,"8":0,"9":1,"10":0,"11":1,"12":1,"13":7,"14":1,"15":6,"16":6,"17":0,"18":6,"19":1,"20":1},"f":{"0":1,"1":0,"2":0,"3":7,"4":6,"5":1},"b":{"0":[1,6],"1":[0,6]},"_coverageSchema":"1a1c01bbd47fc00a2c39e90264f33305004495a9","hash":"2133c38b89ee58352eb10bef55709d2d12fa42bd"}
,"/Users/domy/Desktop/Laboratoria/Proyectos/burger-queen/burger-queen-API/Burger-queen-api/routes/orders.js": {"path":"/Users/domy/Desktop/Laboratoria/Proyectos/burger-queen/burger-queen-API/Burger-queen-api/routes/orders.js","statementMap":{"0":{"start":{"line":3,"column":4},"end":{"line":3,"column":33}},"1":{"start":{"line":11,"column":4},"end":{"line":11,"column":35}},"2":{"start":{"line":14,"column":0},"end":{"line":193,"column":2}},"3":{"start":{"line":42,"column":2},"end":{"line":49,"column":5}},"4":{"start":{"line":43,"column":4},"end":{"line":48,"column":5}},"5":{"start":{"line":44,"column":24},"end":{"line":44,"column":45}},"6":{"start":{"line":45,"column":6},"end":{"line":45,"column":26}},"7":{"start":{"line":47,"column":6},"end":{"line":47,"column":34}},"8":{"start":{"line":72,"column":2},"end":{"line":81,"column":5}},"9":{"start":{"line":73,"column":4},"end":{"line":80,"column":5}},"10":{"start":{"line":74,"column":19},"end":{"line":74,"column":37}},"11":{"start":{"line":75,"column":28},"end":{"line":75,"column":60}},"12":{"start":{"line":76,"column":6},"end":{"line":76,"column":30}},"13":{"start":{"line":78,"column":6},"end":{"line":78,"column":24}},"14":{"start":{"line":79,"column":6},"end":{"line":79,"column":34}},"15":{"start":{"line":109,"column":2},"end":{"line":118,"column":5}},"16":{"start":{"line":110,"column":4},"end":{"line":117,"column":5}},"17":{"start":{"line":111,"column":20},"end":{"line":111,"column":188}},"18":{"start":{"line":112,"column":6},"end":{"line":112,"column":27}},"19":{"start":{"line":113,"column":6},"end":{"line":113,"column":33}},"20":{"start":{"line":115,"column":6},"end":{"line":115,"column":24}},"21":{"start":{"line":116,"column":6},"end":{"line":116,"column":34}},"22":{"start":{"line":148,"column":2},"end":{"line":158,"column":5}},"23":{"start":{"line":149,"column":4},"end":{"line":157,"column":5}},"24":{"start":{"line":150,"column":19},"end":{"line":150,"column":37}},"25":{"start":{"line":151,"column":20},"end":{"line":151,"column":188}},"26":{"start":{"line":152,"column":6},"end":{"line":152,"column":40}},"27":{"start":{"line":153,"column":6},"end":{"line":153,"column":32}},"28":{"start":{"line":155,"column":6},"end":{"line":155,"column":24}},"29":{"start":{"line":156,"column":6},"end":{"line":156,"column":34}},"30":{"start":{"line":181,"column":2},"end":{"line":190,"column":5}},"31":{"start":{"line":182,"column":4},"end":{"line":189,"column":5}},"32":{"start":{"line":183,"column":19},"end":{"line":183,"column":37}},"33":{"start":{"line":184,"column":6},"end":{"line":184,"column":33}},"34":{"start":{"line":185,"column":6},"end":{"line":185,"column":32}},"35":{"start":{"line":187,"column":6},"end":{"line":187,"column":24}},"36":{"start":{"line":188,"column":6},"end":{"line":188,"column":34}},"37":{"start":{"line":192,"column":2},"end":{"line":192,"column":13}}},"fnMap":{"0":{"name":"(anonymous_0)","decl":{"start":{"line":14,"column":17},"end":{"line":14,"column":18}},"loc":{"start":{"line":14,"column":36},"end":{"line":193,"column":1}},"line":14},"1":{"name":"(anonymous_1)","decl":{"start":{"line":42,"column":38},"end":{"line":42,"column":39}},"loc":{"start":{"line":42,"column":64},"end":{"line":49,"column":3}},"line":42},"2":{"name":"(anonymous_2)","decl":{"start":{"line":72,"column":47},"end":{"line":72,"column":48}},"loc":{"start":{"line":72,"column":73},"end":{"line":81,"column":3}},"line":72},"3":{"name":"(anonymous_3)","decl":{"start":{"line":109,"column":39},"end":{"line":109,"column":40}},"loc":{"start":{"line":109,"column":65},"end":{"line":118,"column":3}},"line":109},"4":{"name":"(anonymous_4)","decl":{"start":{"line":148,"column":47},"end":{"line":148,"column":48}},"loc":{"start":{"line":148,"column":73},"end":{"line":158,"column":3}},"line":148},"5":{"name":"(anonymous_5)","decl":{"start":{"line":181,"column":50},"end":{"line":181,"column":51}},"loc":{"start":{"line":181,"column":76},"end":{"line":190,"column":3}},"line":181}},"branchMap":{},"s":{"0":1,"1":1,"2":1,"3":1,"4":0,"5":0,"6":0,"7":0,"8":1,"9":0,"10":0,"11":0,"12":0,"13":0,"14":0,"15":1,"16":0,"17":0,"18":0,"19":0,"20":0,"21":0,"22":1,"23":0,"24":0,"25":0,"26":0,"27":0,"28":0,"29":0,"30":1,"31":0,"32":0,"33":0,"34":0,"35":0,"36":0,"37":1},"f":{"0":1,"1":0,"2":0,"3":0,"4":0,"5":0},"b":{},"_coverageSchema":"1a1c01bbd47fc00a2c39e90264f33305004495a9","hash":"acd5e6efc5c3bd7537a2459429bbf26bdb2703c2"}
,"/Users/domy/Desktop/Laboratoria/Proyectos/burger-queen/burger-queen-API/Burger-queen-api/routes/productOrder.js": {"path":"/Users/domy/Desktop/Laboratoria/Proyectos/burger-queen/burger-queen-API/Burger-queen-api/routes/productOrder.js","statementMap":{"0":{"start":{"line":4,"column":4},"end":{"line":4,"column":33}},"1":{"start":{"line":10,"column":4},"end":{"line":10,"column":41}},"2":{"start":{"line":12,"column":0},"end":{"line":46,"column":2}},"3":{"start":{"line":13,"column":4},"end":{"line":20,"column":7}},"4":{"start":{"line":14,"column":8},"end":{"line":19,"column":9}},"5":{"start":{"line":15,"column":37},"end":{"line":15,"column":64}},"6":{"start":{"line":16,"column":12},"end":{"line":16,"column":39}},"7":{"start":{"line":18,"column":12},"end":{"line":18,"column":40}},"8":{"start":{"line":25,"column":4},"end":{"line":34,"column":7}},"9":{"start":{"line":26,"column":8},"end":{"line":33,"column":9}},"10":{"start":{"line":27,"column":28},"end":{"line":27,"column":72}},"11":{"start":{"line":28,"column":12},"end":{"line":28,"column":42}},"12":{"start":{"line":29,"column":12},"end":{"line":29,"column":47}},"13":{"start":{"line":31,"column":12},"end":{"line":31,"column":30}},"14":{"start":{"line":32,"column":12},"end":{"line":32,"column":40}},"15":{"start":{"line":36,"column":4},"end":{"line":43,"column":7}},"16":{"start":{"line":37,"column":8},"end":{"line":42,"column":9}},"17":{"start":{"line":38,"column":36},"end":{"line":38,"column":76}},"18":{"start":{"line":39,"column":12},"end":{"line":39,"column":38}},"19":{"start":{"line":41,"column":12},"end":{"line":41,"column":40}},"20":{"start":{"line":45,"column":4},"end":{"line":45,"column":15}}},"fnMap":{"0":{"name":"(anonymous_0)","decl":{"start":{"line":12,"column":17},"end":{"line":12,"column":18}},"loc":{"start":{"line":12,"column":36},"end":{"line":46,"column":1}},"line":12},"1":{"name":"(anonymous_1)","decl":{"start":{"line":13,"column":48},"end":{"line":13,"column":49}},"loc":{"start":{"line":13,"column":74},"end":{"line":20,"column":5}},"line":13},"2":{"name":"(anonymous_2)","decl":{"start":{"line":25,"column":41},"end":{"line":25,"column":42}},"loc":{"start":{"line":25,"column":67},"end":{"line":34,"column":5}},"line":25},"3":{"name":"(anonymous_3)","decl":{"start":{"line":36,"column":56},"end":{"line":36,"column":57}},"loc":{"start":{"line":36,"column":82},"end":{"line":43,"column":5}},"line":36}},"branchMap":{},"s":{"0":1,"1":1,"2":1,"3":1,"4":0,"5":0,"6":0,"7":0,"8":1,"9":0,"10":0,"11":0,"12":0,"13":0,"14":0,"15":1,"16":0,"17":0,"18":0,"19":0,"20":1},"f":{"0":1,"1":0,"2":0,"3":0},"b":{},"_coverageSchema":"1a1c01bbd47fc00a2c39e90264f33305004495a9","hash":"f1a7a6ded29004115feefc3d14a635568831c96f"}
,"/Users/domy/Desktop/Laboratoria/Proyectos/burger-queen/burger-queen-API/Burger-queen-api/routes/products.js": {"path":"/Users/domy/Desktop/Laboratoria/Proyectos/burger-queen/burger-queen-API/Burger-queen-api/routes/products.js","statementMap":{"0":{"start":{"line":4,"column":4},"end":{"line":4,"column":33}},"1":{"start":{"line":12,"column":4},"end":{"line":12,"column":37}},"2":{"start":{"line":15,"column":0},"end":{"line":173,"column":2}},"3":{"start":{"line":38,"column":2},"end":{"line":45,"column":5}},"4":{"start":{"line":39,"column":4},"end":{"line":44,"column":5}},"5":{"start":{"line":40,"column":27},"end":{"line":40,"column":50}},"6":{"start":{"line":41,"column":6},"end":{"line":41,"column":29}},"7":{"start":{"line":43,"column":6},"end":{"line":43,"column":34}},"8":{"start":{"line":64,"column":2},"end":{"line":73,"column":5}},"9":{"start":{"line":65,"column":4},"end":{"line":72,"column":5}},"10":{"start":{"line":66,"column":19},"end":{"line":66,"column":39}},"11":{"start":{"line":67,"column":30},"end":{"line":67,"column":64}},"12":{"start":{"line":68,"column":6},"end":{"line":68,"column":32}},"13":{"start":{"line":70,"column":6},"end":{"line":70,"column":24}},"14":{"start":{"line":71,"column":6},"end":{"line":71,"column":34}},"15":{"start":{"line":97,"column":2},"end":{"line":106,"column":5}},"16":{"start":{"line":98,"column":4},"end":{"line":105,"column":5}},"17":{"start":{"line":99,"column":22},"end":{"line":99,"column":164}},"18":{"start":{"line":100,"column":6},"end":{"line":100,"column":31}},"19":{"start":{"line":101,"column":6},"end":{"line":101,"column":35}},"20":{"start":{"line":103,"column":6},"end":{"line":103,"column":24}},"21":{"start":{"line":104,"column":6},"end":{"line":104,"column":34}},"22":{"start":{"line":131,"column":2},"end":{"line":141,"column":5}},"23":{"start":{"line":132,"column":4},"end":{"line":140,"column":5}},"24":{"start":{"line":133,"column":19},"end":{"line":133,"column":39}},"25":{"start":{"line":134,"column":22},"end":{"line":134,"column":164}},"26":{"start":{"line":135,"column":6},"end":{"line":135,"column":44}},"27":{"start":{"line":136,"column":6},"end":{"line":136,"column":34}},"28":{"start":{"line":138,"column":6},"end":{"line":138,"column":24}},"29":{"start":{"line":139,"column":6},"end":{"line":139,"column":34}},"30":{"start":{"line":161,"column":2},"end":{"line":170,"column":5}},"31":{"start":{"line":162,"column":4},"end":{"line":169,"column":5}},"32":{"start":{"line":163,"column":19},"end":{"line":163,"column":39}},"33":{"start":{"line":164,"column":6},"end":{"line":164,"column":35}},"34":{"start":{"line":165,"column":6},"end":{"line":165,"column":34}},"35":{"start":{"line":167,"column":6},"end":{"line":167,"column":24}},"36":{"start":{"line":168,"column":6},"end":{"line":168,"column":34}},"37":{"start":{"line":172,"column":2},"end":{"line":172,"column":13}}},"fnMap":{"0":{"name":"(anonymous_0)","decl":{"start":{"line":15,"column":17},"end":{"line":15,"column":18}},"loc":{"start":{"line":15,"column":36},"end":{"line":173,"column":1}},"line":15},"1":{"name":"(anonymous_1)","decl":{"start":{"line":38,"column":40},"end":{"line":38,"column":41}},"loc":{"start":{"line":38,"column":66},"end":{"line":45,"column":3}},"line":38},"2":{"name":"(anonymous_2)","decl":{"start":{"line":64,"column":51},"end":{"line":64,"column":52}},"loc":{"start":{"line":64,"column":77},"end":{"line":73,"column":3}},"line":64},"3":{"name":"(anonymous_3)","decl":{"start":{"line":97,"column":33},"end":{"line":97,"column":34}},"loc":{"start":{"line":97,"column":59},"end":{"line":106,"column":3}},"line":97},"4":{"name":"(anonymous_4)","decl":{"start":{"line":131,"column":43},"end":{"line":131,"column":44}},"loc":{"start":{"line":131,"column":69},"end":{"line":141,"column":3}},"line":131},"5":{"name":"(anonymous_5)","decl":{"start":{"line":161,"column":46},"end":{"line":161,"column":47}},"loc":{"start":{"line":161,"column":72},"end":{"line":170,"column":3}},"line":161}},"branchMap":{},"s":{"0":1,"1":1,"2":1,"3":1,"4":0,"5":0,"6":0,"7":0,"8":1,"9":0,"10":0,"11":0,"12":0,"13":0,"14":0,"15":1,"16":0,"17":0,"18":0,"19":0,"20":0,"21":0,"22":1,"23":0,"24":0,"25":0,"26":0,"27":0,"28":0,"29":0,"30":1,"31":0,"32":0,"33":0,"34":0,"35":0,"36":0,"37":1},"f":{"0":1,"1":0,"2":0,"3":0,"4":0,"5":0},"b":{},"_coverageSchema":"1a1c01bbd47fc00a2c39e90264f33305004495a9","hash":"6f660537c1a7c011819f79b96ba68e11273316be"}
,"/Users/domy/Desktop/Laboratoria/Proyectos/burger-queen/burger-queen-API/Burger-queen-api/routes/users.js": {"path":"/Users/domy/Desktop/Laboratoria/Proyectos/burger-queen/burger-queen-API/Burger-queen-api/routes/users.js","statementMap":{"0":{"start":{"line":1,"column":15},"end":{"line":1,"column":32}},"1":{"start":{"line":12,"column":4},"end":{"line":12,"column":34}},"2":{"start":{"line":16,"column":4},"end":{"line":16,"column":33}},"3":{"start":{"line":20,"column":4},"end":{"line":20,"column":34}},"4":{"start":{"line":22,"column":22},"end":{"line":36,"column":1}},"5":{"start":{"line":23,"column":40},"end":{"line":23,"column":57}},"6":{"start":{"line":24,"column":2},"end":{"line":26,"column":3}},"7":{"start":{"line":25,"column":4},"end":{"line":25,"column":18}},"8":{"start":{"line":28,"column":20},"end":{"line":32,"column":3}},"9":{"start":{"line":35,"column":2},"end":{"line":35,"column":9}},"10":{"start":{"line":65,"column":0},"end":{"line":256,"column":2}},"11":{"start":{"line":89,"column":2},"end":{"line":96,"column":5}},"12":{"start":{"line":90,"column":4},"end":{"line":95,"column":5}},"13":{"start":{"line":91,"column":23},"end":{"line":91,"column":43}},"14":{"start":{"line":92,"column":6},"end":{"line":92,"column":25}},"15":{"start":{"line":94,"column":6},"end":{"line":94,"column":34}},"16":{"start":{"line":116,"column":2},"end":{"line":125,"column":5}},"17":{"start":{"line":117,"column":4},"end":{"line":124,"column":5}},"18":{"start":{"line":118,"column":19},"end":{"line":118,"column":35}},"19":{"start":{"line":119,"column":27},"end":{"line":119,"column":61}},"20":{"start":{"line":120,"column":6},"end":{"line":120,"column":29}},"21":{"start":{"line":122,"column":6},"end":{"line":122,"column":24}},"22":{"start":{"line":123,"column":6},"end":{"line":123,"column":34}},"23":{"start":{"line":127,"column":2},"end":{"line":136,"column":5}},"24":{"start":{"line":128,"column":4},"end":{"line":135,"column":5}},"25":{"start":{"line":129,"column":19},"end":{"line":129,"column":33}},"26":{"start":{"line":130,"column":27},"end":{"line":130,"column":58}},"27":{"start":{"line":131,"column":6},"end":{"line":131,"column":29}},"28":{"start":{"line":133,"column":6},"end":{"line":133,"column":24}},"29":{"start":{"line":134,"column":6},"end":{"line":134,"column":34}},"30":{"start":{"line":158,"column":2},"end":{"line":167,"column":5}},"31":{"start":{"line":159,"column":4},"end":{"line":166,"column":5}},"32":{"start":{"line":160,"column":19},"end":{"line":160,"column":128}},"33":{"start":{"line":161,"column":6},"end":{"line":161,"column":25}},"34":{"start":{"line":162,"column":6},"end":{"line":162,"column":31}},"35":{"start":{"line":164,"column":6},"end":{"line":164,"column":24}},"36":{"start":{"line":165,"column":6},"end":{"line":165,"column":34}},"37":{"start":{"line":192,"column":2},"end":{"line":202,"column":5}},"38":{"start":{"line":193,"column":4},"end":{"line":201,"column":5}},"39":{"start":{"line":194,"column":19},"end":{"line":194,"column":35}},"40":{"start":{"line":195,"column":19},"end":{"line":195,"column":129}},"41":{"start":{"line":196,"column":6},"end":{"line":196,"column":41}},"42":{"start":{"line":197,"column":6},"end":{"line":197,"column":31}},"43":{"start":{"line":199,"column":6},"end":{"line":199,"column":24}},"44":{"start":{"line":200,"column":6},"end":{"line":200,"column":34}},"45":{"start":{"line":204,"column":2},"end":{"line":214,"column":5}},"46":{"start":{"line":205,"column":4},"end":{"line":213,"column":5}},"47":{"start":{"line":206,"column":19},"end":{"line":206,"column":33}},"48":{"start":{"line":207,"column":19},"end":{"line":207,"column":128}},"49":{"start":{"line":208,"column":6},"end":{"line":208,"column":38}},"50":{"start":{"line":209,"column":6},"end":{"line":209,"column":31}},"51":{"start":{"line":211,"column":6},"end":{"line":211,"column":24}},"52":{"start":{"line":212,"column":6},"end":{"line":212,"column":34}},"53":{"start":{"line":233,"column":2},"end":{"line":242,"column":5}},"54":{"start":{"line":234,"column":4},"end":{"line":241,"column":5}},"55":{"start":{"line":235,"column":19},"end":{"line":235,"column":35}},"56":{"start":{"line":236,"column":6},"end":{"line":236,"column":35}},"57":{"start":{"line":237,"column":6},"end":{"line":237,"column":31}},"58":{"start":{"line":239,"column":6},"end":{"line":239,"column":24}},"59":{"start":{"line":240,"column":6},"end":{"line":240,"column":34}},"60":{"start":{"line":244,"column":2},"end":{"line":253,"column":5}},"61":{"start":{"line":245,"column":4},"end":{"line":252,"column":5}},"62":{"start":{"line":246,"column":19},"end":{"line":246,"column":33}},"63":{"start":{"line":247,"column":6},"end":{"line":247,"column":32}},"64":{"start":{"line":248,"column":6},"end":{"line":248,"column":31}},"65":{"start":{"line":250,"column":6},"end":{"line":250,"column":24}},"66":{"start":{"line":251,"column":6},"end":{"line":251,"column":34}},"67":{"start":{"line":255,"column":2},"end":{"line":255,"column":27}}},"fnMap":{"0":{"name":"(anonymous_0)","decl":{"start":{"line":22,"column":22},"end":{"line":22,"column":23}},"loc":{"start":{"line":22,"column":37},"end":{"line":36,"column":1}},"line":22},"1":{"name":"(anonymous_1)","decl":{"start":{"line":65,"column":17},"end":{"line":65,"column":18}},"loc":{"start":{"line":65,"column":32},"end":{"line":256,"column":1}},"line":65},"2":{"name":"(anonymous_2)","decl":{"start":{"line":89,"column":29},"end":{"line":89,"column":30}},"loc":{"start":{"line":89,"column":55},"end":{"line":96,"column":3}},"line":89},"3":{"name":"(anonymous_3)","decl":{"start":{"line":116,"column":42},"end":{"line":116,"column":43}},"loc":{"start":{"line":116,"column":68},"end":{"line":125,"column":3}},"line":116},"4":{"name":"(anonymous_4)","decl":{"start":{"line":127,"column":34},"end":{"line":127,"column":35}},"loc":{"start":{"line":127,"column":60},"end":{"line":136,"column":3}},"line":127},"5":{"name":"(anonymous_5)","decl":{"start":{"line":158,"column":30},"end":{"line":158,"column":31}},"loc":{"start":{"line":158,"column":56},"end":{"line":167,"column":3}},"line":158},"6":{"name":"(anonymous_6)","decl":{"start":{"line":192,"column":42},"end":{"line":192,"column":43}},"loc":{"start":{"line":192,"column":68},"end":{"line":202,"column":3}},"line":192},"7":{"name":"(anonymous_7)","decl":{"start":{"line":204,"column":34},"end":{"line":204,"column":35}},"loc":{"start":{"line":204,"column":60},"end":{"line":214,"column":3}},"line":204},"8":{"name":"(anonymous_8)","decl":{"start":{"line":233,"column":45},"end":{"line":233,"column":46}},"loc":{"start":{"line":233,"column":71},"end":{"line":242,"column":3}},"line":233},"9":{"name":"(anonymous_9)","decl":{"start":{"line":244,"column":37},"end":{"line":244,"column":38}},"loc":{"start":{"line":244,"column":63},"end":{"line":253,"column":3}},"line":244}},"branchMap":{"0":{"loc":{"start":{"line":24,"column":2},"end":{"line":26,"column":3}},"type":"if","locations":[{"start":{"line":24,"column":2},"end":{"line":26,"column":3}},{"start":{},"end":{}}],"line":24},"1":{"loc":{"start":{"line":24,"column":6},"end":{"line":24,"column":35}},"type":"binary-expr","locations":[{"start":{"line":24,"column":6},"end":{"line":24,"column":17}},{"start":{"line":24,"column":21},"end":{"line":24,"column":35}}],"line":24}},"s":{"0":1,"1":1,"2":1,"3":1,"4":1,"5":1,"6":1,"7":1,"8":0,"9":0,"10":1,"11":1,"12":1,"13":1,"14":1,"15":0,"16":1,"17":1,"18":1,"19":1,"20":1,"21":0,"22":0,"23":1,"24":0,"25":0,"26":0,"27":0,"28":0,"29":0,"30":1,"31":1,"32":1,"33":1,"34":1,"35":0,"36":0,"37":1,"38":1,"39":1,"40":1,"41":1,"42":1,"43":0,"44":0,"45":1,"46":0,"47":0,"48":0,"49":0,"50":0,"51":0,"52":0,"53":1,"54":1,"55":1,"56":1,"57":1,"58":0,"59":0,"60":1,"61":0,"62":0,"63":0,"64":0,"65":0,"66":0,"67":1},"f":{"0":1,"1":1,"2":1,"3":1,"4":0,"5":1,"6":1,"7":0,"8":1,"9":0},"b":{"0":[1,0],"1":[1,0]},"_coverageSchema":"1a1c01bbd47fc00a2c39e90264f33305004495a9","hash":"fc3d85ea2ff745ff37ffe20812e9c883043902ea"}
}
